90
1 1 1 1 1 15 
1 1 1 1 2 14 
1 1 1 1 3 13 
1 1 1 1 4 12 
1 1 1 1 5 11 
1 1 1 1 6 10 
1 1 1 1 7 9 
1 1 1 1 8 8 
1 1 1 2 2 13 
1 1 1 2 3 12 
1 1 1 2 4 11 
1 1 1 2 5 10 
1 1 1 2 6 9 
1 1 1 2 7 8 
1 1 1 3 3 11 
1 1 1 3 4 10 
1 1 1 3 5 9 
1 1 1 3 6 8 
1 1 1 3 7 7 
1 1 1 4 4 9 
1 1 1 4 5 8 
1 1 1 4 6 7 
1 1 1 5 5 7 
1 1 1 5 6 6 
1 1 2 2 2 12 
1 1 2 2 3 11 
1 1 2 2 4 10 
1 1 2 2 5 9 
1 1 2 2 6 8 
1 1 2 2 7 7 
1 1 2 3 3 10 
1 1 2 3 4 9 
1 1 2 3 5 8 
1 1 2 3 6 7 
1 1 2 4 4 8 
1 1 2 4 5 7 
1 1 2 4 6 6 
1 1 2 5 5 6 
1 1 3 3 3 9 
1 1 3 3 4 8 
1 1 3 3 5 7 
1 1 3 3 6 6 
1 1 3 4 4 7 
1 1 3 4 5 6 
1 1 3 5 5 5 
1 1 4 4 4 6 
1 1 4 4 5 5 
1 2 2 2 2 11 
1 2 2 2 3 10 
1 2 2 2 4 9 
1 2 2 2 5 8 
1 2 2 2 6 7 
1 2 2 3 3 9 
1 2 2 3 4 8 
1 2 2 3 5 7 
1 2 2 3 6 6 
1 2 2 4 4 7 
1 2 2 4 5 6 
1 2 2 5 5 5 
1 2 3 3 3 8 
1 2 3 3 4 7 
1 2 3 3 5 6 
1 2 3 4 4 6 
1 2 3 4 5 5 
1 2 4 4 4 5 
1 3 3 3 3 7 
1 3 3 3 4 6 
1 3 3 3 5 5 
1 3 3 4 4 5 
1 3 4 4 4 4 
2 2 2 2 2 10 
2 2 2 2 3 9 
2 2 2 2 4 8 
2 2 2 2 5 7 
2 2 2 2 6 6 
2 2 2 3 3 8 
2 2 2 3 4 7 
2 2 2 3 5 6 
2 2 2 4 4 6 
2 2 2 4 5 5 
2 2 3 3 3 7 
2 2 3 3 4 6 
2 2 3 3 5 5 
2 2 3 4 4 5 
2 2 4 4 4 4 
2 3 3 3 3 6 
2 3 3 3 4 5 
2 3 3 4 4 4 
3 3 3 3 3 5 
3 3 3 3 4 4 
