0
1
2
0
1
0
0
1
1
0
0
1
6
0
4
2
1
3
2
7
2
0
0
0
1
0
0
0
0
0
0
3
2
0
4
0
3
0
0
3
2
1
0
1
0
0
1
3
3
0
4
0
0
3
0
0
5
0
0
5
3
-6
-6
2
0
3
0
4
1
-2
1
0
0
0
3
8
1
0
1
0
1
0
0
1
2
0
2
4
2
4
2
2
0
0
0
2
1
1
2
4
0
0
5
2
1
3
1
0
0
0
3
0
0
0
0
1
2
1
1
-3
4
1
0
1
2
2
1
2
1
3
0
2
3
0
8
3
2
0
0
2
9
0
4
2
-47
0
3
8
2
2
4
3
0
1
1
1
4
0
0
1
3
0
1
1
1
2
0
0
0
0
1
2
0
3
0
0
-7
1
0
2
0
1
0
0
3
4
6
0
0
0
0
4
0
0
1
1
3
21
0
1
0
0
-11
0
0
0
0
4
4
1
1
0
0
0
0
0
4
0
2
1
0
2
0
0
0
0
0
-2
0
1
3
0
1
4
1
2
0
6
2
0
8
1
1
0
0
0
0
-41
5
0
1
0
0
0
5
2
0
-1
0
1
1
0
0
3
0
3
8
2
3
2
-35
2
0
1
0
0
0
0
0
-12
0
-8
1
5
0
2
1
29
3
4
2
1
1
2
0
3
-1
1
2
6
2
1
0
5
0
9
-9
2
-8
0
1
0
0
1
0
1
0
1
-41
-4
0
2
4
2
3
3
2
3
2
0
0
1
0
-1
1
2
0
0
0
0
1
0
2
-104
4
0
2
0
2
0
2
1
1
3
10
0
1
-111
0
6
0
0
1
0
0
3
2
2
1
5
31
0
3
2
1
0
1
4
1
12
-2
-4
0
2
0
2
1
0
0
4
1
-51
1
0
0
0
1
0
0
0
0
0
12
1
1
0
3
4
1
2
2
2
0
1
0
3
-2
2
0
3
1
1
18
4
0
0
18
0
6
1
0
0
0
3
0
5
2
1
5
1
14
4
3
2
4
0
0
2
1
0
0
13
7
-6
7
0
7
4
3
0
2
7
2
4
3
10
0
1
2
-2
4
0
0
0
3
1
0
0
1
2
2
1
0
4
1
2
4
3
0
1
2
0
2
0
0
0
3
1
0
0
1
1
3
0
0
4
2
1
0
1
1
1
3
2
5
1
0
15
1
3
0
5
5
45
0
0
0
5
5
0
2
0
3
3
1
3
1
1
0
4
0
4
4
0
0
2
5
1
1
1
1
0
2
-23
1
7
1
0
0
0
0
0
-5
-8
-1
46
4
-13
2
1
1
2
1
0
1
-4
3
6
1
1
9
0
1
7
2
0
3
-1
0
2
1
2
0
3
0
6
3
2
4
3
0
0
6
0
-4
5
5
3
-2
2
9
-4
1
2
0
0
1
6
4
7
2
3
0
8
3
16
3
2
0
1
0
1
3
0
0
14
3
0
-9
9
17
0
12
4
5
0
5
6
5
0
1
0
3
5
0
5
0
0
4
0
0
4
3
11
1
0
0
0
2
4
7
-33
1
1
0
0
2
3
1
2
7
0
1
0
4
2
1
4
1
-8
1
0
2
2
0
9
-12
2
0
1
5
7
2
-3
7
0
-15
5
1
0
2
9
0
8
0
0
3
1
4
5
5
1
0
8
1
-20
1
1
0
3
0
6
6
2
3
1
0
5
0
14
8
0
1
3
4
3
0
0
2
1
0
1
4
0
2
6
0
1
1
4
1
0
4
0
1
5
7
-1
0
-9
5
6
0
2
0
-1
5
0
15
3
6
3
7
2
0
0
-9
4
0
5
11
0
11
0
4
1
1
2
0
0
-8
2
11
5
1
1
9
1
0
12
0
1
6
3
1
6
4
5
27
16
14
0
7
3
3
0
0
-1
6
0
0
4
0
6
-2
8
2
1
0
0
1
0
10
1
0
2
2
3
6
0
0
0
1
2
3
0
3
-2
3
-2
0
1
-7
9
2
3
0
6
0
-5
7
15
4
0
0
7
0
25
2
1
1
-18
0
0
0
2
1
0
0
1
0
2
-7
1
0
6
0
10
3
0
5
4
10
4
4
1
13
3
4
1
2
1
11
1
1
2
1
6
79
0
2
0
-6
4
34
0
7
1
-33
1
-28
1
1
-28
2
3
0
0
0
2
-1
0
-1
-44
-11
4
0
4
4
0
12
8
2
-13
0
0
5
0
5
1
-139
0
-1
21
-4
1
39
9
0
21
2
1
0
0
3
1
0
0
0
2
2
1
0
3
4
-4
2
4
2
0
10
11
0
1
-1
4
8
10
2
8
0
2
0
1
0
2
2
-1
0
5
0
0
8
8
2
0
7
5
-18
15
5
3
5
0
0
1
4
29
6
7
1
0
1
2
1
3
4
2
-147
4
2
0
6
1
-8
0
0
10
0
1
4
0
4
0
10
2
0
4
18
-49
1
6
3
0
4
0
10
0
0
18
0
8
11
0
2
1
0
0
0
1
4
4
0
-11
0
5
5
0
-45
10
4
0
1
0
2
5
3
0
8
0
1
0
2
2
0
1
4
12
0
9
3
15
1
-2
0
1
0
0
0
6
4
0
3
7
0
2
3
2
2
1
0
2
1
5
4
0
2
0
1
15
1
-16
5
51
11
0
0
0
5
4
0
0
2
2
-20
1
7
0
-14
0
4
4
8
2
0
-1
1
10
6
2
-32
11
5
-6
4
1
2
1
2
1
7
6
10
11
8
2
9
47
7
5
0
7
2
20
-2
11
9
2
0
-167
4
3
3
-55
-30
3
0
0
0
0
2
3
3
0
15
0
3
-5
2
6
11
1
-324
1
15
19
0
0
2
2
-4
0
0
7
0
9
2
6
0
5
0
1
-6
15
5
1
-17
2
2
0
2
0
5
3
7
-33
5
2
1
0
0
0
2
0
0
5
0
6
1
19
1
0
1
-7
1
6
0
2
1
4
8
13
4
2
3
40
3
1
1
3
8
4
0
1
0
7
0
15
0
0
-33
11
2
3
1
3
3
13
2
2
2
0
6
-5
-27
0
9
0
7
2
7
0
0
4
1
3
0
4
-6
3
3
-2
-19
2
18
12
20
15
2
-1
0
4
0
3
2
1
3
5
0
6
10
2
4
2
1
2
0
4
5
4
2
0
0
1
0
0
6
6
4
0
2
0
7
-3
0
0
2
3
0
1
3
5
-5
1
9
1
2
2
8
3
28
-10
2
14
3
0
4
5
0
6
0
3
2
7
5
1
19
2
5
0
3
16
1
5
0
0
0
1
3
1
10
9
0
0
3
1
0
0
1
1
-4
1
3
11
1
4
1
6
3
0
2
1
5
0
2
-63
7
1
0
0
3
3
4
0
0
5
1
1
0
2
-12
9
0
4
6
0
0
8
2
-93
9
9
2
1
12
8
9
4
2
0
-42
6
4
3
15
13
1
7
-18
1
0
0
7
8
2
8
2
14
0
3
113
0
5
5
0
0
21
-403
1
3
-36
8
2
0
1
2
0
0
7
0
1
0
3
5
2
4
3
1
1
6
2
2
4
2
1
2
2
1
1
5
2
0
2
11
0
3
0
3
-7
0
2
2
18
-26
-417
1
1
-6
0
0
6
5
20
4
1
-29
4
0
13
0
12
10
7
1
-8
11
2
6
9
1
4
4
10
0
10
-7
2
0
5
5
1
1
1
0
1
-13
1
2
7
12
4
0
0
6
0
3
0
2
0
1
3
9
-7
3
-51
4
2
0
11
3
0
2
4
0
0
3
1
0
1
-9
0
-99
4
3
1
6
8
1
0
3
4
5
2
1
8
3
2
0
6
0
2
2
0
1
0
0
13
7
10
1
5
8
1
10
44
1
5
-1
0
0
-70
-2
2
9
2
0
2
-2
15
3
2
5
5
3
2
2
-17
4
0
0
2
8
1
0
1
1
7
9
3
1
4
8
1
2
3
4
4
26
2
0
6
-31
7
1
4
-4
0
10
5
0
12
0
1
0
-2
0
8
0
0
2
-5
3
7
1
3
1
3
-3
2
0
4
-30
7
3
0
1
0
15
-58
-2
6
2
-46
0
13
4
1
0
7
8
-8
4
5
3
11
-4
-31
1
-11
2
1
-7
0
-18
7
4
2
9
8
0
8
20
1
9
2
0
3
22
4
3
0
1
9
-1
3
8
1
4
1
8
2
0
1
-7
-16
5
14
0
0
0
1
-28
9
0
1
0
0
-1
6
11
1
10
27
-2
3
8
12
-28
-2
4
1
0
1
-19
0
-11
13
2
3
2
1
11
7
4
0
0
1
-1
4
32
0
2
2
4
10
0
2
0
10
3
4
8
4
0
0
2
1
5
0
1
5
0
2
2
-32
11
2
4
0
4
0
8
0
13
6
1
3
10
3
0
0
11
2
0
-5
1
4
3
4
10
2
-1
3
15
1
48
2
3
46
0
3
0
1
1
6
5
3
12
0
67
10
0
0
-11
2
1
4
0
-11
-2
-33
21
-27
0
3
0
0
0
4
2
1
1
5
-112
12
2
0
-2
-255
2
0
1
-19
5
2
1
3
2
1
5
-21
0
3
-63
5
44
9
1
0
5
2
2
7
3
15
2
4
0
2
2
0
0
7
15
0
11
16
7
3
0
1
18
6
27
-28
1
1
3
2
4
0
0
-43
0
28
1
13
8
3
6
21
0
0
15
2
7
6
9
0
1
3
-3
2
12
10
35
0
0
5
4
4
2
55
1
0
8
4
1
0
1
3
11
2
5
1
3
2
10
-1
8
4
0
0
7
7
0
2
5
0
5
-15
3
6
-15
-14
9
1
3
4
39
1
13
270
-62
5
4
2
18
-75
1
2
0
0
-1
0
1
1
-1
14
0
4
0
0
39
2
0
10
0
7
18
17
-1
2
-10
2
5
-22
8
1
2
5
-1
8
5
-5
1
2
50
10
-69
0
-36
5
1
26
5
6
6
47
0
2
87
-4
0
1
1
0
-52
1
17
11
1
1
2
0
0
2
0
1
1
4
2
6
0
0
-257
12
10
6
25
4
7
6
2
1
3
5
1
0
0
6
8
10
18
8
6
18
4
-1
8
5
-8
10
0
-10
4
-266
6
2
109
27
3
7
0
5
3
1
0
13
-2
1
2
2
2
2
0
6
2
-9
4
0
-1
-18
-6
0
5
6
4
0
1
3
0
-5
0
0
1
17
1
0
1
1
4
23
0
19
13
4
3
1
17
0
3
25
16
4
1
16
3
-14
0
0
6
4
5
-1
1
0
1
7
1
3
0
7
3
1
4
19
11
44
0
2
5
1
41
5
4
3
-54
0
-1
2
-19
1
5
0
0
-2
-10
6
3
27
-13
16
30
-1
3
11
5
3
-6
12
0
4
3
3
4
0
83
21
23
19
-32
9
-3
3
0
37
5
2
4
1
12
6
21
-1
2
-19
0
22
1
8
5
-1
2
5
0
19
7
6
0
1
2
0
2
33
-23
1
-44
10
3
-2
26
0
18
0
11
2
-11
4
0
-51
5
1
-269
3
-7
1
9
5
2
3
9
1
2
7
5
2
37
14
-7
7
1
-2
2
17
45
-17
4
0
18
1
13
0
-46
27
2
0
1
0
3
1
8
5
4
-1
5
3
3
8
-70
4
12
-281
11
34
18
11
0
-38
-1
32
8
2
11
-11
-34
-99
0
0
2
-42
-2
0
1
7
7
25
1
-62
3
1
1
-3
7
10
3
16
2
-3
-5
10
13
18
0
4
8
1
10
12
12
9
1
18
3
1
0
-13
-28
5
-54
2
0
2
12
4
0
2
-15
1
-1
0
5
4
7
70
1
-1
1
0
0
1
1
2
7
9
0
8
0
4
5
1
14
0
4
-15
6
1
14
4
0
0
-52
3
3
11
57
2
6
23
14
0
2
-2
6
50
-12
10
4
3
17
1
7
-4
74
6
0
3
1
1
2
9
22
2
2
0
1
1
0
3
1
-130
3
4
13
8
1
2
3
-2
2
1
12
-52
0
1
6
1
0
6
2
4
6
-238
9
1
2
29
4
2
7
12
1
3
7
-3
3
12
2
0
5
-7
0
6
7
18
2
69
21
1
0
1
2
1
1
10
0
-7
0
0
4
0
-23
31
13
7
-43
0
6
21
18
1
-3
0
1
3
11
1
2
10
-4
-15
14
7
-3
21
4
4
0
12
4
3
67
11
1
10
0
6
-12
3
0
7
-12
4
62
5
59
2
3
1
9
-42
10
6
3
19
7
4
0
2
2
-26
2
11
0
4
1
6
0
2
4
-59
1
7
-15
0
16
1
13
3
17
2
0
0
-266
3
13
0
-60
0
7
-11
25
7
-84
15
0
1
8
5
0
0
0
0
1
7
7
0
11
1
-72
0
10
23
17
2
0
1
0
2
2
3
0
1
2
9
8
0
0
-10
1
8
21
16
9
0
0
18
-34
0
0
6
12
7
5
-4
7
19
0
8
25
2
-4
10
1
8
30
0
1
23
3
4
-59
2
8
0
10
2
4
-52
5
0
19
1
3
0
1
0
31
0
5
9
2
1
2
5
0
14
15
17
0
0
0
26
10
1
0
3
1
65
-8
1
4
5
3
-4
25
4
4
27
-23
-3
3
2
23
11
11
5
2
26
0
0
5
1
1
1
1
0
7
32
0
-96
12
64
5
3
0
27
9
6
5
0
0
-85
5
-6
9
9
3
1
18
1
13
1
2
26
5
0
3
2
4
62
35
30
0
0
3
28
4
-43
1
7
3
4
21
1
2
8
-54
-14
4
5
10
2
16
3
6
8
6
-2
-36
2
-12
-73
-80
6
-2
3
2
11
-5
2
1
7
-52
17
8
0
14
0
7
2
38
1
11
0
4
-105
6
13
1
17
49
-15
8
-32
6
0
23
7
-28
0
5
12
8
2
1
1
-7
0
1
0
6
1
-4
3
50
1
3
5
0
0
21
5
5
-29
10
5
5
27
0
37
1
0
6
2
17
2
13
3
5
-6
17
-5
-2
1
29
0
0
4
-25
0
67
11
0
7
32
23
2
-8
1
7
5
4
1
2
-82
2
3
0
2
1
6
-4
-61
3
15
5
0
14
0
11
5
0
14
2
2
2
1
6
3
8
0
1
3
12
52
1
-1
6
2
1
1
-6
4
14
0
2
26
0
26
9
-12
1
6
0
4
3
6
6
0
1
12
6
4
-95
21
10
1
4
27
5
-22
1
2
2
4
3
0
51
51
25
2
3
2
1
0
6
24
-22
0
-2
-48
1
4
0
5
1
5
2
9
-11
18
19
21
6
4
11
13
0
3
-15
2
3
0
-25
4
0
-2
18
4
43
10
5
22
16
20
25
0
1
3
0
0
-57
57
-8
2
0
5
17
-2
21
3
25
5
0
13
0
2
51
1
-94
7
1
0
25
0
0
3
4
10
2
0
-92
16
-3
-16
6
5
6
-18
4
34
-15
39
6
4
16
2
0
38
-68
4
-2
-24
2
14
2
2
14
3
0
17
11
2
16
1
10
27
11
-5
4
7
6
5
27
-107
11
-2
4
3
3
9
56
0
2
0
24
6
3
7
-4
3
11
5
0
-65
-9
1
10
1
1
3
2
9
0
9
-47
37
17
1
46
22
4
17
14
16
0
0
7
-22
-21
10
1
5
0
0
9
-3
14
1
0
42
4
0
6
2
1
0
0
2
0
37
0
4
23
0
9
3
8
0
0
0
-3
5
0
-1
0
-24
2
-20
1
5
7
0
0
-9
2
7
1
1
15
6
-12
4
12
-7
22
8
13
1
3
9
5
-102
4
0
13
0
12
4
3
2
0
1
5
8
3
9
35
47
14
-2
0
-18
-27
6
0
3
2
1
80
-24
-36
1
2
1
0
64
4
-15
65
1
8
1
-1
30
0
-50
15
1
-6
-73
0
2
4
1
3
2
12
2
11
2
-5
7
-58
2
10
272
0
-77
2
4
3
18
7
1
13
-2
0
5
4
29
-4
24
3
-121
13
7
7
-4
1
41
13
-23
1
4
25
12
25
30
20
1
4
-258
1
63
2
-154
4
0
0
-24
44
5
17
-10
-12
-1
3
5
109
-40
6
0
2
1
-4
3
46
2
5
-12
37
2
4
0
0
8
-1
0
1
1
16
1
11
8
-5
2
0
0
-10
8
3
2
9
0
76
0
0
-10
14
8
1
0
6
1
0
3
25
-8
22
33
13
17
44
1
0
1
35
14
4
271
7
2
35
0
-3
2
2
9
1
9
1
2
7
0
0
36
3
4
19
69
9
-31
14
6
-212
-3
-13
1
-277
43
9
2
8
1
0
0
2
12
-38
0
5
3
4
56
6
12
13
8
-47
11
4
-986
0
0
2
27
3
-15
6
3
4
0
59
-2
11
-13
7
18
-2
1
-24
13
7
5
4
4
20
78
25
1
10
5
1
4
9
1
25
9
7
1
-23
4
-7
-24
21
-6
3
6
1
-78
3
-276
4
-1
2
2
5
51
-9
14
6
3
-1
68
3
2
29
-16
0
60
-109
-25
3
1
52
54
-2
51
33
16
-18
13
3
18
7
1
16
0
4
0
7
1
-1
8
9
-51
12
18
2
36
4
2
21
25
4
-73
6
6
20
3
17
9
-60
1
3
-28
0
4
2
16
-1
5
-2
34
-4
1
3
0
2
-33
0
-29
0
-239
-22
61
1
5
7
-85
8
0
2
13
10
-86
1
1
-1
1
21
13
-7
0
-4
134
9
10
41
10
0
1
0
3
6
17
35
8
43
4
39
0
2
-12
-8
0
0
31
13
2
30
-93
14
109
5
9
1
2
0
-1
4
-4
2
-41
0
17
-12
2
2
19
2
12
3
2
2
-258
-9
-1014
1
6
1
56
10
0
13
-33
12
4
6
48
1
3
-37
0
17
11
3
10
0
22
-89
1
3
18
2
2
1
13
13
5
8
0
18
2
24
12
2
1
12
14
0
-34
5
10
19
11
0
-26
59
-1
10
1
12
25
56
55
-11
0
12
19
7
-28
48
0
6
7
0
-46
26
1
6
2
3
-13
29
4
2
5
1
1
5
0
3
1
-4
11
4
8
2
0
3
8
1
2
36
23
4
2
-1
4
7
10
4
-27
4
7
2
2
-60
6
8
0
0
2
9
7
54
2
2
5
3
0
16
3
4
7
4
14
14
-15
1
-31
113
-4
10
1
2
0
9
18
86
3
8
16
2
6
0
12
9
-7
9
13
1
2
2
0
4
54
11
3
19
3
-4
17
8
-10
29
35
27
23
23
-8
1
2
-2
-4
0
0
27
4
31
3
0
3
3
1
-4
2
-1
13
4
1
11
2
50
0
8
18
4
8
44
19
2
1
4
1
4
0
-50
1
21
11
0
26
16
0
21
0
5
-62
4
0
17
10
0
-1
10
-19
4
16
6
40
7
13
35
27
0
41
5
-61
7
1
-55
2
2
3
6
-7
7
0
84
0
10
77
1
-33
69
-21
0
17
37
14
1
0
7
5
2
5
2
2
54
12
36
-16
-263
44
3
2
-11
8
14
3
2
17
2
19
1
17
4
-13
-25
-1
12
5
39
21
4
-86
7
15
10
0
1
45
5
1
2
1
5
0
18
4
2
39
37
73
-8
1
2
1
2
8
-22
4
2
-4
3
1
-2
6
9
-11
8
4
10
3
0
2
-33
5
21
-11
10
123
67
-3
6
15
2
26
17
9
-5
0
-18
31
21
5
0
-4
23
-7
201
7
52
25
-3
15
0
-253
27
49
0
3
17
2
-54
25
50
8
2
47
0
3
7
1
-2
0
36
9
6
3
8
8
1
-7
40
21
10
-2
5
-2
14
69
2
8
-63
11
50
0
53
1
37
0
83
7
6
14
8
12
-4
2
19
0
-13
2
-10
-24
19
279
9
5
0
1
31
6
24
1
2
1
44
37
13
62
11
9
3
8
-8
4
17
-1
3
3
-253
9
0
4
7
63
-3
0
7
9
0
15
0
2
1
2
11
2
27
-14
33
-54
1
-1
281
-5
14
-95
17
3
29
4
1
3
-7
0
18
-18
23
26
-11
21
5
2
0
0
3
37
0
1
12
-5
2
34
72
16
38
-24
6
26
0
-6
8
-15
9
5
-6
1
0
-16
13
5
0
8
41
4
2
-99
-13
-1071
0
4
3
3
6
5
8
24
2
1
3
4
12
29
0
-9
12
22
-100
43
11
0
8
2
1
-125
4
0
5
65
14
9
-16
34
32
-68
37
5
0
-32
23
14
-26
10
27
14
0
5
-25
-14
4
6
8
5
9
2
-143
52
9
1
2
16
0
2
9
-5
2
12
0
20
3
1
-13
44
0
144
8
32
21
1
9
-1
16
1
2
5
126
13
-117
30
3
8
0
13
14
7
10
3
2
3
7
9
6
-7
-16
0
11
-11
5
23
1
-2
-26
4
-26
6
0
8
-30
28
-16
-38
-13
-160
-3
11
97
2
0
-6
-13
-69
17
17
5
7
10
279
10
7
14
20
10
12
1
24
3
78
-75
-25
4
23
5
12
175
-6
-10
2
8
138
0
9
0
1
3
17
7
3
13
1
-80
0
-33
15
2
61
4
28
10
0
2
14
1
23
14
5
-2
3
2
2
10
5
0
6
4
-2
1
0
2
3
12
11
0
3
1
18
-6
5
0
28
32
0
4
-10
11
3
25
5
0
4
1
2
-3
-41
5
2
8
5
1
14
5
3
23
-19
15
7
12
-62
7
62
19
5
4
9
0
2
-1
8
-8
2
-37
15
2
0
0
64
-1
16
3
4
8
4
11
0
41
18
8
0
8
6
2
7
5
13
32
28
1
-4
15
-35
22
-16
21
0
8
4
17
42
4
-9
1
9
1
10
16
25
0
1
6
-290
8
-13
12
4
18
-2
-71
0
295
18
41
7
7
0
-91
22
4
16
15
7
-43
16
3
17
6
-220
4
3
111
13
-45
-30
9
0
-17
2
-24
0
13
-1
4
28
-59
12
2
20
23
2
-41
-5
-66
5
-25
65
1
-8
17
5
292
-14
1
38
1
29
12
17
2
12
8
0
-115
-28
17
3
44
9
10
0
-3
8
3
23
-36
13
11
19
-2
12
13
15
1
-77
0
12
7
53
3
6
7
-14
1
-81
3
0
2
-52
19
10
8
7
1
6
-20
16
28
32
1
-40
-5
2
0
5
4
11
7
-14
17
36
8
8
5
51
127
0
3
-1
5
11
7
36
-79
28
5
-30
-19
278
1
16
0
2
0
9
7
3
75
21
0
28
3
0
1
4
34
90
3
5
51
9
25
-3
104
1
1
27
10
18
-91
1
22
0
2
1
1
2
5
54
-1
2
-92
0
0
0
10
3
7
4
9
0
0
0
11
3
6
29
1
114
19
-19
14
-27
3
5
66
19
6
1
3
22
3
-29
-9
-31
-2
2
51
3
-21
1
-3
-220
-9
-3
11
19
1
-2
8
30
4
0
33
7
134
0
4
45
27
4
2
10
19
15
14
0
-1119
4
11
5
3
-41
0
8
10
-230
0
5
13
12
3
38
-23
4
-13
7
4
-19
-19
0
23
58
16
-312
1
-1
11
0
4
30
18
23
7
4
2
-14
-14
14
0
-12
-199
4
-1
9
-36
-44
-25
16
-4
-20
14
-4
29
5
1
5
336
0
-48
36
2
-53
33
99
0
22
11
5
-6
0
92
11
-73
12
8
7
33
0
-25
0
-5
0
119
3
2
12
0
1
-1126
0
75
-18
14
2
0
-108
72
2
3
41
10
40
0
9
44
44
-11
37
18
4
-2
0
103
14
-10
5
2
12
10
-70
2
69
3
1
2
1
2
13
1
1
28
0
22
5
11
-1
0
7
3
13
3
-68
-14
0
-34
51
10
1
-19
3
4
0
22
0
12
20
14
15
0
4
24
-49
17
20
36
-97
-208
15
-36
1
6
-1
0
8
37
-18
14
23
-125
15
1
1
10
0
-4
15
38
2
0
6
2
-268
2
6
1
34
0
6
11
40
8
-107
3
-15
-2
5
14
23
4
5
11
0
20
12
-1
-31
3
41
22
4
-10
3
45
-25
6
1
6
8
-8
10
1
9
-26
33
1
29
21
-38
-44
18
5
45
12
3
-2
4
5
-42
2
1
3
12
0
2
38
24
19
29
14
8
95
2
-10
-14
2
4
0
21
70
29
1
3
-13
-1
2
2
12
-5
0
-1
-15
-146
0
-51
9
-19
3
2
0
4
1
6
0
35
27
-193
16
70
58
7
3
40
2
36
2
17
2
-84
17
0
4
-58
43
1
7
7
1
1
60
4
0
13
0
4
7
1
22
4
2
12
29
0
-2
-29
-65
1
18
6
15
0
-13
-7
4
3
-1
22
-31
1
-1
0
3
-83
-2
-13
2
13
28
11
13
-9
2
78
1
-41
-64
17
24
5
-11
78
4
-19
37
5
21
-5
1
23
5
-10
51
16
12
2
-27
3
14
0
2
11
6
-3
27
-9
21
4
-12
19
1
-6
27
19
34
-37
11
46
2
93
-17
16
31
-16
16
278
10
-11
2
1
0
61
245
-6
-18
-2
0
46
7
4
24
2
13
13
2
34
12
5
0
-4
0
-13
13
23
2
12
-1
4
-5
18
-231
3
18
1
3
23
29
3
17
4
25
15
-290
8
-1121
-6
2
0
26
18
-86
2
3
9
34
25
10
4
7
-98
-12
-6
0
48
19
27
18
1
55
-4
-18
13
41
1
11
0
7
22
-6
8
14
12
183
20
1
1
4
18
8
1
-119
3
11
-5
1
0
6
9
2
-1121
-1122
-84
21
0
5
5
48
-209
0
23
3
13
64
26
2
0
9
27
0
7
1
-171
0
1
33
323
-13
3
1
0
5
14
5
-77
1
46
12
5
18
2
21
11
5
0
14
-11
1
2
22
4
20
52
26
-5
19
-1
9
24
15
49
0
7
11
-129
31
9
4
12
33
2
-7
6
21
17
129
136
-12
20
3
24
-36
3
4
7
0
41
13
-20
-59
24
21
3
39
1
6
-14
-3
25
14
1
34
44
8
21
1
-56
1
11
22
37
2
9
49
10
12
-2
0
43
24
0
2
5
2
0
9
6
-33
4
-165
0
4
-237
11
17
17
-56
113
8
-24
8
39
-74
4
34
37
94
1
-8
3
6
21
-10
3
9
10
2
2
-2
-23
4
-1
2
1
7
0
1
-78
30
3
19
6
5
23
34
4
7
-433
0
23
1
5
-1
114
8
17
4
4
1
258
29
6
-14
3
23
1
23
4
7
2
27
14
-78
1
0
-28
5
5
5
4
-1
8
12
15
20
7
2
24
4
20
0
13
5
-98
-37
0
1
11
3
8
26
32
10
5
29
2
4
0
-7
57
15
1
2
5
0
-25
3
-4
-14
-6
26
0
3
142
3
72
0
-23
1
-5
0
3
41
3
3
9
0
23
-1
1
-2
-259
3
4
0
21
-57
11
12
-115
3
35
-94
2
14
3
6
31
27
3
64
-29
42
9
-18
14
-24
-96
1
-5
7
-73
8
0
-136
-2
4
0
2
0
16
-13
-18
-60
-1
2
2
20
12
85
76
19
33
16
6
2
0
9
3
1
5
7
0
3
3
-6
16
-6
99
1
11
36
-362
0
3
14
6
60
4
0
-287
0
11
7
10
9
-9
1
14
-21
25
6
83
0
12
2
-16
28
-2
-165
171
5
4
1
52
-62
26
3
13
6
14
3
15
2
6
24
8
2
-258
3
-117
8
4
-2
26
6
7
10
8
1
0
13
-2
3
2
-1
33
1
31
-18
5
12
-152
2
-1
23
-8
32
16
15
-61
10
-6
8
-12
-1
14
0
1
-24
19
-165
8
0
1
10
24
40
7
2
3
-65
6
1
41
-60
6
4
6
-8
-133
1
1
4
-30
-18
22
4
-16
5
2
57
15
51
5
-30
7
0
13
4
4
-31
5
4
-6
22
2
6
9
7
3
21
7
-24
-21
188
4
13
-22
3
2
-6
14
1
4
7
-8
-3
5
5
18
-72
3
13
3
9
5
25
4
-10
-16
13
2
32
3
32
14
1
-1
12
-10
-9
24
-1
71
6
5
99
1
320
11
69
5
28
14
25
8
-72
-37
36
98
35
0
32
-9
31
-34
1
22
-5
27
-4
0
21
20
-4
17
0
-232
6
3
13
0
2
6
6
2
2
2
13
-18
-28
20
-12
3
39
-6
6
0
18
4
-24
31
9
13
3
51
3
3
19
-7
10
39
83
2
9
-56
0
119
24
18
-7
22
41
24
19
1
27
-205
0
3
0
18
3
0
-161
-5
11
19
7
-4
3
2
26
2
13
11
-121
-21
7
-3
4
-13
-11
7
60
-22
-3
1
2
50
15
18
0
16
-123
93
3
8
-2
1
-73
-3
4
4
11
-17
1
-8
3
2
11
22
22
4
1
1
0
1
1
3
12
7
13
1
-20
-5
36
26
54
237
-14
8
-470
39
1
5
1
11
0
-3
-7
131
17
0
35
4
25
9
6
7
8
3
3
16
4
2
-3
-7
2
-28
7
3
0
6
4
8
5
40
11
4
10
-62
0
7
-313
-18
8
10
0
2
-4
3
4
6
1
4
32
-9
20
-14
275
-81
5
9
17
1
25
16
1
-8
58
26
2
-4
0
1
82
5
1
1
13
1
15
-5
-10
39
1
192
2
1
4
14
4
-2
60
36
4
0
5
1
0
8
242
40
6
13
5
5
121
15
2
-21
-39
61
-31
62
71
0
1
21
10
17
-8
0
-31
-160
43
8
4
10
31
-5
2
2
-266
4
1
0
1
28
7
66
6
0
0
-15
22
6
20
-33
-4
8
15
-1
2
-84
-38
6
16
2
13
10
16
7
-22
1
3
57
16
54
1
18
2
2
7
9
7
19
363
1
12
8
-9
7
24
0
-10
2
-9
-7
6
-7
6
-2
85
-186
20
50
7
2
0
0
56
28
30
6
21
2
-2
5
42
0
1
4
92
-5
3
10
34
28
-120
13
16
1
2
-30
40
5
-7
0
4
29
-5
-67
-54
1
0
2
18
-17
16
1
23
32
8
57
49
146
11
3
1
0
3
-1
2
-2
41
-25
36
1
1
15
2
27
56
8
2
28
4
13
2
44
-10
18
4
5
87
8
13
23
16
7
23
276
2
28
21
5
1
-51
0
15
0
5
-88
10
-23
-3
1
12
21
20
6
-4
-146
-270
16
6
22
-1
12
13
28
-354
37
8
0
-34
-203
9
0
25
18
3
9
0
20
1
2
18
62
1
26
18
-68
2
-42
26
12
2
31
-9
23
29
-26
7
0
2
40
7
9
19
-41
3
12
8
0
2
-6
12
47
-1
6
18
-17
-45
38
6
-77
26
28
38
8
3
15
1
82
315
4
5
-25
5
24
4
46
4
11
43
5
24
20
1
-12
7
-13
10
28
0
23
3
10
20
5
2
13
-9
-29
1
30
50
10
24
5
1
50
0
54
5
69
0
5
9
40
2
8
-6
-160
10
-134
76
16
5
21
134
-6
3
9
2
1
-7
1
6
-74
0
52
13
8
11
-28
111
-35
6
-13
-110
2
1
12
33
82
-112
-40
24
11
8
-34
-2
7
11
12
12
-88
11
4
33
17
-5
2
-56
0
10
50
8
53
2
42
4
18
-98
0
2
1
8
6
-1
-16
3
5
35
2
1
51
-18
0
93
11
-249
54
4
-1
0
-13
1
14
34
31
5
40
3
7
5
11
0
-13
0
3
6
-340
12
-15
0
181
-55
-1
-11
5
21
161
6
-25
-9
22
-1109
8
7
72
-22
3
10
3
0
10
10
-3
-50
-2
3
8
35
4
8
39
53
5
1
9
-90
8
9
24
2
-17
16
1
16
-3
11
7
31
213
-686
24
20
-65
34
-9
42
8
8
14
4
51
19
8
-6
0
4
8
49
5
6
3
-20
11
2
13
6
6
10
40
39
-76
-2
26
12
59
8
-8
13
52
13
-32
3
36
8
1
-88
2
-679
15
-82
18
0
-259
39
89
-134
-175
5
36
3
2
21
-27
2
-4
5
-27
28
0
0
5
249
15
14
7
58
125
3
56
31
4
-20
0
22
12
191
-39
1
-10
14
-11
5
3
2
-39
27
34
15
17
-14
-27
2
2
20
17
0
21
1
53
6
40
-11
22
-36
3
9
-6
7
0
87
44
-3
1
1
-41
22
12
25
0
-2
0
-9
59
0
-27
17
0
18
14
7
70
12
192
12
-1
7
82
18
22
-7
21
0
8
-10
76
63
15
-53
-30
-9
12
-758
31
39
-1
-18
4
23
1
3
76
0
11
10
89
2
48
15
84
98
111
4
-8
73
2
0
24
17
-172
-5
15
1
5
5
29
27
64
0
5
2
46
1
-36
7
36
12
10
-37
6
-73
3
-26
3
0
-27
5
3
52
5
35
26
-54
7
7
12
7
14
-1
19
-47
-9
19
67
0
3
-4
4
2
1
-34
10
-7
61
3
-2
-1
17
-36
50
-60
10
24
21
88
11
-70
57
103
3
1
7
-17
3
-1
-41
34
-51
17
69
-57
-11
7
2
7
-27
32
0
5
-9
-41
2
-1113
34
37
31
3
36
8
-24
-4
-106
17
2
12
0
112
-175
-199
24
7
62
5
6
63
10
16
28
-15
13
2
25
2
0
10
21
13
-12
7
7
-73
14
40
-9
0
55
-11
0
1
15
16
3
1
6
5
8
4
4
1
-1
4
0
68
51
2
2
37
-65
55
-15
0
10
7
7
31
2
1
3
10
10
8
29
-15
0
25
70
1
30
14
7
-28
8
5
1
23
20
145
106
0
32
117
-18
-65
-23
65
2
15
-39
26
2
1
-4
53
8
14
-2
26
-3
8
7
30
3
22
1
0
48
56
1
6
-1
56
20
-37
31
19
1
5
15
3
8
11
7
-13
104
-4
9
-14
-35
8
2
3
25
8
33
16
6
1
0
5
116
35
1
0
16
0
-31
10
21
12
9
4
51
-41
4
2
2
218
2
7
-13
287
17
81
-1
45
6
10
-32
14
5
0
21
10
58
-242
0
12
7
-200
29
-173
21
-13
67
95
14
83
15
1
1
2
1
15
-17
0
41
0
1
0
8
18
170
1
1
18
6
5
5
8
7
-22
-12
38
15
23
0
15
9
9
24
41
-176
0
58
-15
0
21
11
5
9
11
22
6
31
26
2
5
0
1
4
8
1
11
-6
8
-3
5
0
5
15
3
66
20
240
0
-219
0
3
-5
1
29
8
149
112
-60
-19
1
9
1
3
6
10
-58
5
0
-55
16
6
69
49
-5
3
-21
-4
44
1
41
-817
22
62
27
5
4
45
3
-8
24
1
-133
19
33
57
0
6
0
17
5
8
0
10
5
-4
6
-26
52
32
23
-6
-6
-73
18
10
1
42
-152
-7
0
-61
-5
2
7
0
4
18
3
8
4
-194
14
14
2
30
13
-37
-337
28
-134
19
51
1
1
2
-16
3
12
24
-53
12
150
241
23
4
54
10
17
286
3
40
15
1
-18
22
-8
-7
2
1
-174
8
41
17
4
3
-11
-75
123
0
109
-29
-9
15
-135
183
-792
-317
9
69
-196
322
2
-113
-15
11
0
59
5
7
39
6
9
-55
5
-65
2
2
37
5
21
-73
14
1
6
24
-56
-6
95
6
6
-83
48
26
23
-15
29
-11
-35
1
118
5
3
11
46
-2
29
-11
4
1
-219
-60
2
0
0
4
5
38
0
51
-238
-3
59
-73
2
21
6
67
17
23
36
-3
7
61
27
9
14
-95
15
7
-27
-166
90
1
1
1
-65
3
58
8
-4
-65
0
32
24
-52
6
-203
14
50
6
1
10
26
8
20
-42
8
31
-28
1
3
59
59
12
52
-1109
30
-12
27
11
32
2
6
-65
132
-26
1
9
4
17
2
30
0
7
40
4
4
95
3
1
31
0
4
-15
2
1
-28
5
5
3
0
27
6
11
15
0
-72
-2
15
4
-6
-13
-70
-9
24
6
6
21
6
2
2
30
0
76
2
1
2
1
-2
11
272
85
8
10
124
8
2
3
12
-31
11
0
7
18
-15
4
88
-58
10
6
0
3
-12
19
12
-80
64
3
267
-10
15
-101
7
3
22
11
-64
6
-108
-66
86
56
22
2
-161
41
-125
21
-45
-20
22
10
-19
14
8
57
61
0
4
-165
-19
9
21
24
-11
2
77
-51
-4
62
1
-4
24
2
13
19
19
59
2
23
18
11
26
24
19
12
17
1
-3
10
10
-83
-49
87
-27
41
-159
3
2
27
5
7
1
12
9
-24
4
-25
50
4
13
17
5
182
7
7
132
33
5
-69
1
4
110
7
2
105
0
127
6
282
55
32
5
-1
1
40
-46
22
6
1
-1
31
21
34
-9
1
3
116
97
1
50
45
-12
64
33
29
2
26
25
3
80
14
5
16
15
70
6
59
260
88
5
1
11
-15
16
96
48
53
41
-6
0
21
0
2
0
112
-11
4
1
-9
13
1
0
-46
1
2
28
41
1
13
20
1
4
-26
20
127
-119
-29
9
41
28
-22
-45
2
-85
0
9
20
0
1
13
19
0
0
0
1
13
3
-2
18
1
20
57
0
6
9
-71
-214
3
14
11
-1
6
33
1
8
20
4
1
-7
9
-9
-119
-5
10
6
2
0
1
5
47
75
31
8
29
31
-4
-83
20
7
-40
-151
46
-67
15
8
4
58
0
10
4
1
0
36
124
11
-6
2
6
-43
51
4
4
5
-317
22
0
23
22
57
-163
-75
0
-106
-28
4
28
15
-1
82
28
-94
40
21
27
6
14
19
26
48
1
50
16
0
38
1
27
1
11
20
-28
10
2
8
7
-7
10
69
34
-29
14
41
25
78
-11
18
2
-167
1
29
3
-240
2
12
3
-48
-23
11
4
5
127
-4
-39
28
260
78
-47
-19
4
-15
318
101
-2
32
-1
8
5
9
21
-7
8
9
12
3
-7
131
6
33
7
0
4
133
6
-780
5
-48
29
30
3
-12
-5
2
23
18
2
8
33
49
36
0
-8
-19
3
13
6
11
11
-189
6
-24
6
0
-4
39
21
40
-4
2
61
0
21
33
43
2
17
58
49
8
-3
-16
51
51
15
8
-16
6
0
280
4
5
4
-8
66
21
3
1
3
-69
12
51
-15
-14
180
49
5
26
105
39
2
-174
48
-2
47
3
42
17
63
-5
6
24
2
3
25
24
15
260
39
2
35
-7
-171
12
-734
1
13
10
14
9
-3
1
14
-39
1
-10
5
12
11
-15
103
1
11
280
2
0
50
-44
38
32
0
5
13
-16
11
-716
19
19
-33
16
27
0
35
-48
240
0
19
4
36
6
6
289
6
1
-21
21
13
24
13
12
52
18
8
13
20
0
12
9
0
-6
25
-2
7
28
16
104
2
6
13
4
0
-23
12
-3
-33
-4
4
81
7
8
0
-4
13
9
330
7
49
0
60
5
15
-80
-18
18
1
2
6
-36
-4
-2
41
24
4
3
22
-4
12
16
2
39
1
9
-47
1
0
33
0
-51
12
-27
3
1
6
136
-7
14
18
5
72
7
5
111
3
-115
8
-15
18
3
9
3
-20
-51
-6
0
0
-44
67
4
-28
15
-45
11
12
1
0
17
-13
8
55
6
44
225
-51
1
1
4
56
100
19
-42
1
12
-255
1
0
-14
1
16
23
-10
-10
66
10
-201
150
11
12
-12
5
11
-5
-25
14
31
91
9
-1
1
258
5
26
7
-49
23
13
1
5
3
48
18
15
30
7
12
2
4
7
27
5
-289
6
44
17
9
6
159
1
1
15
-2
200
39
117
31
-10
26
40
22
13
26
30
-3
0
9
0
17
9
3
7
75
62
-57
170
4
6
0
48
1
89
36
-4
6
-9
10
48
78
3
-11
16
0
-173
100
-1
-303
10
10
42
-13
6
17
-4
-100
0
-11
59
0
2
45
6
24
-59
255
0
3
2
7
45
-12
-10
-21
3
-33
6
1
3
9
12
-18
-10
0
10
1
0
10
-40
-72
4
-11
20
1
-157
40
-29
3
-63
-5
4
10
-97
-11
82
2
4
22
62
77
19
-41
6
15
29
192
-11
60
8
43
-8
5
23
1
68
37
-20
80
47
26
-48
8
4
12
-7
15
11
0
1
9
3
34
34
13
-74
5
4
-32
129
4
128
-19
15
27
44
10
-13
33
0
4
78
-19
66
-5
135
2
6
6
-33
-2
0
1
149
15
9
7
-1
-44
5
58
7
55
0
-19
10
-1
156
-33
15
41
4
5
3
35
6
4
-4
1
11
6
3
10
8
22
-7
79
123
6
15
7
0
75
38
11
-9
1
6
11
12
58
2
-76
1
9
39
4
99
0
45
30
6
0
35
-39
9
46
8
15
35
5
8
43
20
39
1
2
1
2
34
15
-10
25
2
82
-112
5
1
0
5
10
5
19
19
14
8
5
-48
14
8
-11
57
0
4
192
3
0
155
-1
-38
5
35
-6
1
-7
35
20
-12
-267
66
9
4
4
3
-260
48
1
2
28
30
45
-250
4
20
-74
17
6
-69
-213
5
12
25
-17
36
1
21
2
7
4
-6
12
31
34
-21
53
0
-17
-89
-28
28
0
8
5
25
32
34
13
5
-72
-109
27
15
2
-48
0
-14
18
-65
-20
-128
34
6
13
10
22
-33
6
-84
10
-8
1
-18
-102
-16
34
-61
11
-8
32
35
-12
6
29
0
3
4
22
-11
-752
0
-3
10
101
10
9
1
1
-52
0
-3
18
51
194
46
2
6
-37
59
-4
30
0
0
-17
6
-11
11
2
11
7
6
3
9
-3
2
21
1
23
117
0
3
1
8
-1
35
-3
-1
-18
15
30
2
33
33
9
1
-27
-94
64
6
13
26
-2
-20
5
1
-1
5
2
-168
9
11
53
6
-20
9
1
48
61
5
-2
16
18
8
26
1
25
1
-12
9
-503
-324
0
3
-32
-9
5
1
-34
8
-23
-13
67
0
-325
-21
-9
37
2
-8
-75
-12
36
18
1
0
-2
1
4
0
-17
-8
103
27
0
-1
5
-8
0
67
36
-179
45
-3
3
9
53
-66
3
71
18
-4
8
2
233
1
33
21
-54
67
1
-85
6
4
28
-130
92
3
8
51
45
13
6
-14
-216
9
12
20
51
2
7
-10
-40
-10
2
15
-21
77
-128
24
54
6
35
-9
7
36
7
27
2
34
-15
26
7
23
4
45
18
1
8
1
-46
1
7
14
28
-30
7
57
30
-346
53
4
12
0
39
-25
2
15
44
22
14
-152
-167
22
-1
6
2
9
2
4
7
15
4
1
-55
-1
0
1
5
-4
-16
3
8
5
6
35
-175
-280
2
14
18
9
-11
2
8
4
0
7
-22
48
8
30
6
15
0
7
2
1
10
3
49
3
-2
55
-133
93
109
51
9
-5
11
-530
-38
-114
1
-241
6
-9
14
-1
1
-749
52
-7
53
22
268
10
3
-172
94
13
-73
102
0
3
-137
1
8
28
12
-563
3
-22
35
15
-86
-71
73
36
-16
3
49
77
-2
21
144
4
2
123
23
2
6
10
15
19
-29
0
12
-1052
16
5
4
-346
-14
47
1
46
2
0
3
3
8
14
-22
6
45
4
15
117
12
-22
18
347
-21
1
17
19
-2
-6
4
13
3
11
2
4
8
-11
130
52
1
10
11
29
-27
10
3
16
0
10
1
-8
42
2
28
-39
9
29
7
14
-4
9
18
3
17
-101
12
2
7
-22
11
8
13
20
16
2
4
2
-27
1
4
7
3
9
-63
26
36
24
-1
-242
53
5
141
7
1
4
42
1
191
17
1
170
10
-7
7
-2
23
3
0
4
12
36
6
57
28
6
-706
27
11
-13
23
11
4
38
138
9
142
13
84
-16
57
1
-17
0
13
15
15
26
-2
15
2
30
8
11
-11
1
14
3
17
57
-8
17
7
2
8
10
39
-42
28
-48
0
7
3
12
6
2
-131
5
-12
-43
11
-9
12
129
19
49
8
13
5
-11
-99
-178
31
-298
-199
61
26
6
186
97
-14
29
-72
-17
-16
12
0
12
23
1
10
-58
-18
78
18
69
260
12
4
0
91
-28
24
14
24
7
63
-28
5
18
9
304
4
9
1
32
12
11
-55
43
7
-5
2
0
28
18
4
40
-30
5
37
1
6
10
-1
2
24
-21
2
39
1
28
43
-15
3
1
85
-27
-71
15
35
9
205
-1
15
-166
8
143
10
-22
2
-14
7
4
27
86
-35
35
1
5
10
20
-12
38
-815
51
-84
1
5
22
87
39
7
8
14
77
4
75
24
6
-50
37
-31
44
1
-19
4
38
78
32
9
109
93
19
19
10
31
0
0
-12
7
33
-143
-41
12
-13
5
34
75
19
4
76
7
17
12
32
23
2
9
39
3
1
-182
-324
-137
38
-3
-6
12
45
3
-60
25
28
19
3
5
1
122
-37
-96
20
213
14
8
245
3
3
51
-28
12
-114
-190
58
-324
51
37
-76
10
5
32
-52
25
3
29
35
-21
21
23
11
-8
29
14
8
13
2
8
0
-10
10
45
16
20
1
6
-183
25
83
14
35
-35
4
109
9
2
5
126
16
-115
-40
8
20
-17
16
34
25
-4
15
-239
23
2
201
6
35
13
4
9
-164
63
-106
11
2
-133
-3
38
-7
1
-37
9
5
19
12
-10
11
15
-183
22
0
28
1
3
4
8
-18
22
-2
6
-17
36
13
52
45
12
-1
0
12
26
-23
3
5
2
139
2
-1041
-77
47
33
-18
239
-119
12
9
7
48
6
19
7
8
9
-284
-7
6
84
53
13
25
13
-19
-25
20
-1
-30
26
-28
15
-28
36
22
1
1
53
62
-20
7
26
1
48
6
-53
-1
5
7
30
-784
10
97
-24
98
1
22
-4
33
3
3
78
38
38
50
50
5
-2
22
-3
7
0
19
-10
20
69
-178
-127
-821
19
5
59
-41
6
20
6
-67
8
130
77
8
33
-8
4
2
-14
36
8
15
1
33
1
-1050
12
-10
11
-67
7
12
3
183
20
101
1
0
-165
2
-14
83
-2
72
5
-54
-9
12
28
26
24
7
-73
-657
21
49
-55
38
46
58
3
22
2
-48
-1029
1
0
3
8
34
-316
-120
4
0
-14
-62
7
-52
-13
2
4
52
23
2
-16
4
-69
39
26
42
8
1
5
13
21
59
-153
3
26
43
3
3
30
1
291
58
7
307
-802
9
23
1
-14
13
15
-69
4
-76
3
0
7
58
10
69
87
2
1
0
37
21
1
34
229
2
-91
2
8
-120
4
-340
15
3
12
2
-5
-52
21
4
30
0
4
32
2
-3
20
2
22
12
-15
-5
-2
24
26
0
13
0
0
30
54
9
-9
-12
-136
24
19
1
4
-5
90
41
-28
76
-33
46
32
-2
0
-48
-1
11
-25
2
7
2
25
20
108
3
7
1
-199
4
1
1
36
15
201
-4
64
7
-15
-30
1
61
3
7
34
17
-95
4
0
3
38
-117
1
1
14
6
53
42
162
18
8
12
-89
6
11
97
5
8
125
1
162
2
438
63
76
-20
2
3
36
-102
18
13
46
-231
-2
-32
93
5
1
67
18
-1
9
5
32
-2
0
-1
2
4
50
-830
7
15
14
31
5
59
22
11
147
-24
20
-68
31
137
24
117
5
3
-13
50
46
-806
3
73
7
32
16
44
-35
34
2
3
12
33
0
39
-99
4
-249
17
2
6
-4
5
1
73
100
-3
385
1
-93
360
96
29
20
3
-17
41
15
17
22
7
46
9
5
20
94
30
57
7
24
2
-36
7
3
-4
-7
12
88
116
1
138
-193
-67
7
25
50
48
3
9
7
19
2
5
19
45
5
146
1
-8
25
45
60
2
38
97
6
20
-19
18
335
61
-72
36
0
-16
-69
6
2
8
43
-167
4
10
9
-15
-12
10
0
-8
41
8
-153
44
12
-1
7
68
5
25
38
49
11
69
-64
-41
243
-45
-80
17
35
13
21
1
97
-1
0
12
9
3
0
8
29
29
10
20
10
9
1
2
18
8
50
-31
-4
3
22
-774
29
3
3
24
10
12
121
58
14
18
-57
56
16
-244
25
0
28
2
1
18
5
6
97
-32
121
15
-33
-35
-104
79
-49
18
91
153
6
-9
1
10
-11
1
104
-2
24
4
1
1
-67
15
65
22
41
16
23
12
33
296
14
11
23
-3
47
49
1
11
-15
-133
21
13
16
35
1
3
52
26
-6
2
10
-21
0
1
-67
91
-72
-12
16
32
65
24
36
6
5
66
-31
62
2
74
1
-1062
26
10
15
-3
-105
35
1
8
0
4
-61
-11
0
-10
-34
-732
9
-41
-16
38
52
2
20
30
-23
-27
48
20
8
3
2
87
-15
59
6
43
8
76
62
-41
10
9
0
-17
16
28
3
5
-39
41
35
1
33
1
269
-40
18
11
-12
3
48
2
4
15
20
1
1
-10
33
5
28
-172
9
112
59
35
11
18
-56
45
1
38
1
7
61
14
64
26
-31
-60
36
71
49
66
31
6
28
-22
52
4
25
5
18
28
3
5
-2
43
89
14
-35
9
11
13
1
-40
7
-158
36
1
17
-1
9
17
3
-301
57
184
21
50
2
-20
2
7
-26
5
9
28
-9
1
6
0
190
38
1
-302
-7
93
4
36
21
0
29
0
10
0
27
41
37
346
10
4
20
-313
0
-46
-4
49
4
29
2
12
119
-2
21
-27
112
56
19
3
0
-776
1
7
-35
11
-57
46
1
-29
-25
22
16
5
6
-106
45
20
-7
2
25
32
12
2
347
-11
51
24
-17
213
4
31
176
169
18
37
104
88
37
46
8
-131
-14
74
24
-100
59
94
21
11
126
56
2
-12
-40
8
68
7
-31
6
8
213
13
18
4
39
-13
-24
15
146
20
-10
-146
3
2
-39
-47
30
-71
17
24
11
51
29
324
16
20
2
32
111
49
-7
8
3
49
0
6
42
7
0
-104
-731
7
-8
4
-231
-729
2
3
2
13
15
3
6
0
12
18
-181
-117
3
33
34
2
130
3
109
-41
34
96
-870
24
6
5
-74
24
-115
9
20
173
-114
0
6
29
-20
-168
10
17
2
3
2
5
-2
-17
83
59
-55
0
-6
18
15
82
62
-1
38
105
5
5
52
6
93
50
-38
57
3
1
2
21
-3
-32
-1
22
13
13
10
158
-142
27
46
-97
0
-293
11
28
221
1
16
-8
40
27
-99
-16
5
6
-5
-7
-33
21
1
5
-23
8
-93
15
7
160
-213
10
-17
9
-2
130
-13
62
4
55
25
-137
16
-286
303
-29
-64
-51
-274
24
13
-83
57
54
38
-23
12
33
62
32
-9
183
4
0
19
-1014
-6
6
22
-17
6
1
35
352
2
34
-190
78
-13
15
-20
-165
13
-206
-14
-146
7
51
35
5
35
23
321
132
-173
2
5
1
154
46
2
-12
1
59
-30
16
79
-66
3
35
21
0
40
25
6
55
37
126
44
83
-1087
-5
10
-98
7
-279
3
14
-317
2
7
173
12
13
309
22
144
1
-61
28
-43
-120
4
3
-48
19
29
50
11
109
-56
-25
13
40
2
-193
1
-345
0
107
45
-4
78
-20
-319
1
21
-131
4
-64
46
-8
-13
-13
-9
-130
42
3
8
-70
13
26
14
-11
-184
-29
20
8
10
81
15
-69
40
13
10
27
23
8
11
-8
2
28
48
20
-31
65
-16
44
-22
-99
-14
-2
-738
73
21
22
27
36
-16
-17
32
9
1
0
3
-24
26
2
15
19
-7
12
2
-39
44
2
58
18
5
150
5
93
-1
7
30
7
-65
105
-5
3
5
-2
-3
-73
28
57
0
11
11
9
5
4
3
-6
-93
-1091
35
38
-1088
-4
8
-780
103
-23
15
99
32
5
-83
0
114
78
17
-2
43
15
41
58
3
2
-151
17
50
74
123
61
116
35
50
2
-13
6
2
21
-49
21
18
38
28
-19
65
-69
68
-2
1
8
2
31
-733
49
-42
3
4
-22
16
-7
-9
18
-71
-30
26
-6
3
14
1
3
-28
77
29
13
55
6
-105
1
5
101
-25
-794
-23
-20
33
31
36
-20
-16
-9
3
1
13
-17
10
2
2
-38
-12
64
13
0
7
15
55
9
8
26
4
57
70
-5
-1116
31
143
41
8
3
0
18
-8
-137
22
10
89
15
102
8
-16
-101
22
3
-5
14
31
5
46
-33
-13
29
-64
7
-17
0
7
6
-23
59
36
6
1
89
1
72
18
-72
11
16
-151
1
12
18
6
-3
322
-23
-7
7
11
12
87
-38
13
32
-60
3
15
-17
3
-38
-1
-55
-24
10
12
12
17
-120
6
21
4
-12
-102
5
107
1
32
-18
-12
-16
3
31
-92
40
-4
0
-98
7
2
292
-35
13
38
-57
3
0
-51
15
48
-10
0
23
14
7
-163
-25
-6
11
2
15
16
-3
15
11
27
-141
13
2
31
3
4
22
6
36
4
94
148
-106
53
54
172
6
5
30
19
45
14
-8
12
158
44
23
9
45
3
-29
68
-324
51
1
24
9
14
37
29
-78
63
31
17
14
-40
-44
-328
33
0
289
3
-43
4
32
41
4
104
-46
5
34
34
2
31
6
9
-100
21
20
23
0
61
-63
45
1
137
65
51
18
-19
-7
-55
-29
74
-10
102
18
4
8
5
37
309
4
0
139
1
12
49
19
95
-8
1
-638
15
-60
8
-34
29
16
3
-60
-14
8
16
0
0
-1
-4
7
78
20
-21
-1
51
-172
-44
-50
3
-16
31
14
8
18
-39
6
15
8
-227
-15
1
20
78
60
0
213
67
47
13
39
-99
3
0
0
2
16
3
2
22
76
-3
5
-4
5
5
-43
46
-174
1
-842
48
-981
-20
5
-81
1
-17
127
2
-10
-173
-138
6
45
13
14
2
53
134
25
2
12
15
20
11
38
11
12
21
19
3
5
37
1
5
47
29
8
1
31
94
21
-369
6
-161
7
-1
-17
22
2
39
154
8
80
1
3
9
2
8
18
-5
56
30
3
-48
43
9
16
166
77
21
5
-31
4
6
18
-64
-4
2
323
53
92
-6
-154
33
-2
-4
26
18
-22
2
2
-66
38
-5
-17
188
-86
32
1
29
38
-22
45
33
36
3
-268
3
-49
-35
8
1
-25
2
-1
3
3
5
1
6
44
92
6
3
101
7
2
-431
1
-22
36
27
2
68
-47
1
0
0
-54
6
15
34
125
72
11
10
17
-113
-256
28
67
1
67
3
-154
-3
32
67
15
7
40
1
-284
-25
64
79
5
-20
20
3
59
10
4
109
26
305
-32
25
-121
2
132
32
1
-2
-19
84
9
30
-10
-255
3
8
-118
-35
14
17
-41
-1
17
-3
2
3
4
9
38
6
-191
30
3
334
18
-228
1
51
19
65
317
1
87
26
-1
17
16
27
0
28
-104
11
2
-36
33
12
10
-40
128
1
-790
9
17
18
3
139
70
-21
134
200
75
1
-176
43
55
32
1
8
68
321
21
-38
182
17
-13
0
-177
2
0
58
-12
0
9
9
17
9
16
-19
-25
-48
1
4
9
-7
2
-4
6
30
-177
11
9
0
14
8
-14
7
-219
4
-467
-50
12
351
19
8
-106
-199
10
0
14
13
39
0
-2
28
18
-372
-1
-31
33
53
11
12
13
106
-19
150
23
-5
25
5
-5
1
-293
13
2
-807
-23
130
14
24
63
7
-18
-16
2
15
-77
-2
4
195
14
23
15
18
29
50
22
0
4
25
20
-108
15
2
69
-786
0
5
57
38
3
400
-21
-2
6
3
1
4
38
12
44
6
45
3
18
-80
9
2
-6
17
-1
21
6
1
29
-6
177
8
-66
26
0
-3
16
158
-7
70
2
85
-171
90
-107
87
81
-4
44
49
42
3
13
4
13
-1
64
-3
-9
4
-21
-1
56
7
-52
11
21
27
11
-169
-24
-51
20
15
21
-747
23
-62
14
2
115
22
45
14
30
42
10
-16
-28
-147
-47
6
4
1
-17
29
6
30
45
-813
56
-22
30
36
-68
29
-12
7
-205
10
36
53
22
3
12
0
44
-90
-22
-784
3
24
-290
80
-72
1
-10
-8
-86
-20
57
-6
-36
4
-6
-403
20
96
5
-2
24
-2
27
-2
-221
3
30
2
3
-4
0
132
9
-14
-168
6
1
-18
63
-2
-30
0
8
29
-155
-39
195
64
0
271
2
2
33
37
17
-4
-205
-12
-3
1
70
-19
-95
39
-3
361
27
8
-26
15
-31
-39
22
53
3
-10
17
63
5
261
-67
32
-276
0
35
-11
76
68
-28
28
36
28
14
10
2
2
3
42
-27
16
7
51
47
13
37
23
101
18
0
1
22
65
-34
13
26
28
28
4
24
-89
6
50
-69
10
2
61
40
11
35
5
11
211
73
8
22
-30
2
-5
-54
7
35
-16
40
-28
2
19
14
15
-20
-50
70
102
6
-191
22
18
29
74
-1
-38
1
13
15
15
25
5
35
7
0
24
207
-182
17
31
7
56
30
376
-3
-22
13
85
-17
-166
6
-164
72
15
-75
-93
102
48
5
-262
105
11
-224
15
-13
9
12
-15
0
-181
-146
-247
6
20
-33
-44
-1
5
5
4
91
31
1
23
46
-62
1
37
56
50
2
-72
3
198
9
21
57
5
-43
43
86
-41
-5
2
6
1
18
9
5
27
9
-54
-8
73
101
-276
88
4
4
-17
90
270
17
8
95
3
7
4
96
-15
12
11
28
4
23
-35
355
6
29
-18
-1
36
1
-10
7
43
2
0
81
16
-483
85
40
21
29
-9
174
118
43
-12
-5
9
-93
-17
20
-15
-1
9
0
47
-6
42
12
22
70
42
100
-54
30
0
103
-6
0
1
-3
-43
-3
2
24
2
2
9
18
54
17
11
1
61
-145
1
-1
3
-30
7
0
-103
2
5
0
17
26
29
418
2
22
-36
0
-406
62
34
21
-39
31
-100
18
6
-190
1
40
4
2
13
-216
17
11
-153
55
2
-2
29
5
40
5
10
155
-297
0
34
-20
-65
1
-4
-143
0
5
51
46
25
-111
-23
5
-2
-8
1
2
94
8
7
16
1
34
7
1
-50
5
100
55
-21
46
-782
30
-2
5
-11
-12
0
34
9
-34
-15
18
-3
14
-30
45
-162
-1
2
4
15
-6
28
-44
-6
110
4
42
-307
-61
11
33
4
-140
24
24
109
-5
38
2
25
-94
-16
66
-36
34
54
49
-45
-1067
89
8
0
48
11
3
4
40
-61
181
35
82
1
2
-167
1
24
48
25
22
41
26
93
2
156
9
257
5
1
194
7
17
-5
50
10
0
28
26
52
27
-126
0
0
-32
164
-44
43
16
-65
-172
12
41
13
14
6
38
-208
278
72
-114
-3
1
86
28
4
7
1
0
-8
-28
116
-925
-150
85
7
-179
92
1
5
1
-22
0
-34
2
-2
-2
44
9
150
13
79
25
10
-193
154
4
-16
10
-9
23
-21
0
1
9
11
4
8
17
3
2
25
4
-12
22
3
249
-46
19
29
1
48
2
8
-43
25
-224
138
103
18
-16
12
272
-67
230
5
5
-6
15
-174
-4
0
1
0
20
2
64
-56
78
30
5
5
-26
78
6
-91
-29
-80
-77
0
-16
-901
18
10
21
1
42
1
71
6
125
94
13
3
-14
66
46
3
8
3
-8
135
10
4
-432
-220
49
26
33
-31
16
1
-9
18
20
42
8
88
40
59
5
0
116
18
64
-122
52
26
75
3
29
9
35
-12
84
2
-517
-59
-61
-3
4
10
28
-33
-54
-50
4
-89
39
190
70
-6
-36
-4
0
294
0
31
-15
24
49
16
3
2
18
18
4
-30
0
35
-68
-4
43
2
2
-22
90
-3
33
-84
-261
48
-23
95
0
2
8
33
18
407
-80
-768
37
29
-203
-2
24
9
7
11
-12
-63
7
8
-9
77
-1
9
1
5
9
44
10
13
1
16
19
0
67
5
92
12
29
-92
6
36
17
163
15
4
42
80
-38
-69
10
9
8
30
3
96
-63
-181
15
0
-23
119
3
6
42
6
38
4
16
2
73
44
17
36
-1
-6
-36
14
-36
86
25
2
-135
90
69
-6
61
26
-173
1
4
-179
56
3
-22
38
3
4
-7
82
-1
0
15
0
-2
-3
14
62
-8
-14
13
152
-162
0
101
5
5
-2
92
10
3
-4
6
33
1
-4
32
15
15
280
9
3
0
-18
20
66
-1
15
125
55
66
35
7
-151
19
39
8
2
1
-15
18
-17
-94
67
11
82
6
65
15
229
8
122
47
-3
14
279
-9
-320
103
28
5
33
-118
-4
1
-3
-16
-3
10
-18
-35
-4
7
62
11
2
-1
-30
165
101
310
72
6
69
9
16
46
24
-1
312
83
26
37
157
-63
64
15
-4
0
-24
-78
42
14
2
-38
-178
6
24
-42
-108
65
-49
-1
48
1
-25
19
29
12
3
33
-51
5
-9
1
7
2
-10
90
31
73
18
7
17
35
2
7
0
8
-1
80
-34
11
-190
-44
-55
0
-26
11
3
-1120
7
-64
13
15
47
-65
18
17
75
-8
11
-192
7
159
-706
29
-195
140
24
3
21
-10
17
5
95
-27
61
-692
38
-9
-7
2
168
160
32
26
25
7
55
6
41
1
-73
14
25
78
-2
-34
8
0
19
13
58
1
0
33
31
17
-3
70
92
-10
-38
18
15
-192
-293
26
72
10
151
15
19
-32
331
73
8
-27
8
-13
0
-21
57
19
22
77
0
-58
7
357
23
-738
11
9
25
-65
13
63
2
2
26
4
7
70
19
3
3
34
46
37
2
29
-3
3
-791
19
21
0
37
1
33
64
26
23
-155
12
21
131
56
48
-64
54
1
23
5
10
6
-56
2
14
-173
14
6
-5
-7
5
18
14
0
8
13
4
7
5
47
326
179
44
141
33
2
2
5
7
2
9
-58
7
2
-129
-24
-110
-6
4
6
-38
-1
2
294
114
72
44
3
-5
4
80
65
11
3
9
124
2
15
11
27
6
76
22
57
-4
11
-89
-7
17
14
32
-6
12
-4
-9
16
4
90
28
15
95
0
-13
1
53
-9
-116
33
-11
-72
82
27
8
36
63
12
-765
8
12
-112
34
31
2
-18
0
46
36
9
21
-8
91
-8
-5
153
165
36
4
-31
151
38
9
28
4
7
40
39
40
153
13
16
48
1
-10
3
-6
13
4
42
80
0
19
2
-101
28
-2
-36
-2
48
9
-181
17
3
43
20
3
-58
-23
4
33
41
4
4
31
18
288
1
47
-265
46
1
9
70
149
2
26
-38
-16
6
-9
8
1
17
4
-104
-5
-2
47
-39
8
71
59
135
85
30
3
63
-256
-9
4
-18
-86
54
11
12
4
146
23
7
-96
27
-19
-105
21
9
15
70
6
12
9
-18
1
-33
32
60
32
78
-4
-60
245
25
17
62
-86
9
0
114
1
36
-50
-2
48
13
28
19
-95
44
13
5
-20
25
5
92
12
-4
4
1
3
41
2
-23
16
-17
71
46
133
-28
0
19
-143
-43
201
8
39
23
-5
-26
76
-764
-17
17
-6
-38
17
58
4
2
-210
-270
116
0
83
-207
2
43
82
14
86
-1
-31
12
-9
2
312
22
39
20
4
-12
13
-45
-50
6
1
31
14
76
9
-2
-60
19
49
3
45
-1
-18
53
-14
90
4
97
20
30
3
160
-59
66
8
-1
1
-23
31
6
16
-64
46
137
18
19
7
13
40
-159
3
8
66
3
45
6
7
20
24
4
-74
34
9
11
7
37
149
34
8
-14
5
21
85
19
20
-25
10
0
160
109
23
-5
252
3
15
0
1
10
23
13
103
4
8
-58
-21
50
3
-20
24
51
137
-2
-200
-38
3
-120
23
5
53
262
70
-56
10
5
12
36
39
0
-2
19
59
3
-16
1
24
27
24
-59
30
10
26
-56
42
-41
65
-3
-980
19
-37
4
-32
93
-5
-300
14
17
15
41
1
117
-9
7
4
-247
38
1
51
4
-6
-23
-190
-1
14
38
10
-2
29
9
-1
92
20
47
-28
2
5
-96
-12
13
5
-13
167
0
85
27
2
7
58
9
0
9
42
43
17
19
285
34
26
12
2
51
-1
2
6
46
0
146
30
7
26
60
50
5
-79
271
-32
13
34
-13
5
-57
14
23
33
3
16
16
-71
18
0
107
-18
-21
55
45
-47
99
-13
150
10
-3
11
2
-8
-3
4
-18
-71
5
47
6
-9
16
3
31
-275
-16
15
-16
108
9
24
-27
13
11
25
82
30
23
44
116
26
-171
-65
21
0
-98
1
-225
3
34
117
65
6
58
4
97
-43
-3
30
7
19
50
-105
1
-214
3
-21
8
27
8
1
12
-1
3
20
27
12
-24
12
178
19
-20
7
105
126
24
11
34
103
116
-19
-96
-5
6
3
-94
-5
72
58
-45
-3
-1
33
10
39
514
-4
-234
6
176
21
-184
4
21
40
12
6
12
-85
3
2
82
33
-239
-76
-54
38
-23
0
-10
0
38
5
4
18
29
-17
9
-3
2
4
-6
59
-8
10
115
391
-3
-1
-68
4
-3
1
51
-4
-341
9
10
44
45
9
9
12
-21
-84
1
-9
61
-138
34
35
-31
97
98
4
-11
-23
4
-154
2
14
8
23
-215
34
-53
-103
13
13
-9
11
-273
0
225
9
13
100
2
34
22
-28
8
11
59
7
5
8
-167
31
-138
69
-3
30
6
33
9
194
80
-2
-23
9
-119
-6
14
5
19
1
29
-760
4
-207
-108
80
-44
-74
42
40
133
35
94
-256
59
33
-158
0
3
7
12
16
3
22
28
-147
34
4
6
7
-99
0
16
19
75
-141
28
5
0
17
13
-103
-174
31
-41
97
7
0
56
-139
-17
-1
16
1
43
-182
-94
1
56
-15
63
69
44
-9
-2
-92
14
2
-250
11
9
22
-18
159
23
54
-70
4
43
50
6
29
-16
-60
17
45
-85
13
-181
82
-100
9
14
6
79
9
8
36
7
51
25
82
-107
77
42
11
8
-24
17
23
28
0
26
40
107
36
4
-47
1
10
-3
10
196
22
34
24
282
4
15
7
12
-26
25
7
34
34
48
120
3
151
12
131
7
-2
3
-55
0
24
10
40
7
14
21
-1
45
-6
-307
3
274
-17
16
35
-124
3
32
1
39
33
0
1
8
8
-1103
25
-4
19
10
-11
12
-178
64
-468
-286
3
13
35
45
3
35
0
-13
6
45
1
35
2
-26
12
5
24
2
-28
9
-1025
-1
10
398
28
-3
159
17
8
100
-3
36
214
-33
1
37
17
46
-58
6
-47
255
-6
-368
-8
-3
-178
19
168
28
23
-266
43
-791
-15
-7
1
20
50
-21
4
3
14
65
25
17
22
-73
186
3
33
8
4
111
0
41
-39
-17
-2
67
5
-2
4
11
43
43
207
5
61
8
23
-18
43
-46
-1
10
19
-14
9
151
-8
3
-38
23
-200
-94
0
7
-203
22
31
3
-531
-157
58
1
-1
2
175
-62
72
15
73
27
10
35
2
2
30
-4
56
28
14
-75
6
5
94
87
3
67
63
-84
31
10
35
48
48
0
18
3
63
-54
29
9
45
16
5
-170
-13
-3
24
-27
7
2
10
0
-45
49
73
61
11
51
111
-4
-2
-1
-9
15
66
10
15
0
25
3
55
5
-154
15
-5
10
-846
0
12
37
134
294
47
3
0
0
6
-3
19
-82
-1
21
75
98
-4
-57
2
20
120
-11
5
25
14
-740
-810
-111
35
-22
-8
42
-29
18
134
15
7
11
0
12
5
-9
2
1
-176
20
-83
28
10
-18
1
1
18
12
128
12
23
-5
157
73
110
5
72
-78
-6
27
-736
-54
-3
-11
2
17
-18
27
-39
-11
-267
-36
7
-6
-29
-19
38
42
33
1
63
-44
31
-1
4
60
57
85
2
-500
5
46
103
16
1
-49
26
23
-21
8
-7
32
0
-31
23
12
0
556
48
28
-7
6
30
3
63
-3
20
-16
335
30
4
76
46
18
55
3
-1
-42
-15
34
21
-745
12
122
86
11
20
71
157
-2
-66
12
50
4
2
25
-2
50
9
107
22
2
23
-79
-289
50
10
-273
-5
52
27
75
-306
44
31
59
-16
89
2
-694
105
5
68
-26
22
-21
-142
11
20
15
10
-44
-32
12
30
18
-3
50
8
10
68
3
19
-8
3
-55
-12
8
-2
10
9
26
10
-91
-142
26
16
-20
37
19
16
6
7
12
8
-61
43
1
4
1
-47
-3
43
-74
272
0
-145
2
-110
8
6
101
125
-313
-1
-23
4
17
29
0
0
48
12
29
-5
1
0
-68
9
56
4
134
44
12
3
-2
59
9
28
2
35
12
26
0
30
-5
-9
1
54
329
-141
64
3
96
7
-25
74
14
233
-278
28
88
1
13
20
7
1
16
-2
12
35
-9
16
-53
36
-4
30
89
60
195
6
56
2
-7
48
42
38
68
63
63
3
111
3
86
128
-46
27
109
4
28
-127
5
-3
-19
25
288
51
67
-33
-8
3
56
33
3
7
-169
6
14
4
0
30
12
44
14
-149
-34
14
-145
14
13
-8
8
2
91
-73
41
-329
21
34
1
1
3
60
40
-51
34
1
0
-122
88
1
11
50
2
41
9
190
5
13
25
2
30
-83
39
-6
55
-457
-82
-158
22
4
-4
-5
121
-112
93
-10
193
20
-69
12
131
33
0
4
24
31
84
-83
74
71
42
8
6
39
-3
4
58
30
57
51
28
0
1
16
-214
10
7
11
11
59
31
-4
21
-42
1
50
41
14
-67
3
48
21
46
4
-32
192
-97
153
13
19
18
3
-174
16
1
8
-51
9
-15
33
0
85
-13
0
-35
17
298
3
-8
-307
71
20
7
4
37
3
-61
18
-29
8
8
129
19
-1186
48
-7
-9
5
-5
-50
34
-79
13
-5
-1138
26
226
77
61
-1174
-296
199
58
13
-42
-21
-110
6
12
149
-266
14
-4
42
40
15
-224
55
6
-146
6
0
-307
0
-5
-1
120
108
43
0
21
25
16
2
152
6
5
4
6
5
-13
-27
-11
29
2
6
44
5
-34
49
16
-133
24
12
12
-149
4
8
32
-21
-27
35
87
24
-70
-69
-256
60
-19
1
-164
-23
65
148
201
1
7
2
-40
248
18
-152
25
0
-345
143
109
30
37
102
-5
18
15
-17
190
14
-498
-36
69
7
24
103
68
6
-16
95
3
28
22
148
25
47
84
26
7
-39
11
-35
77
55
165
3
12
-43
-12
-7
-38
-20
-14
10
4
1
14
23
7
12
-49
2
58
61
2
169
-1
-92
3
-69
24
8
-10
-4
-232
14
80
18
4
55
2
320
2
37
63
-1161
12
206
5
301
-5
2
11
158
12
-18
15
0
-36
-5
46
34
-99
21
19
14
-21
-169
-5
7
11
9
12
0
-65
-32
37
30
3
-7
4
18
147
111
32
3
0
-813
-81
-2
21
322
3
-18
8
8
31
31
-295
4
-92
-25
1
11
41
-30
-3
-3
-49
10
4
4
19
60
-192
35
19
28
148
140
-165
-80
3
384
6
-5
21
-53
1
9
21
-23
12
63
-302
63
13
5
32
-171
18
-81
-22
1
7
-79
22
-10
10
-109
106
11
66
1
-2
-31
20
0
-66
1
109
11
33
357
49
4
-3
-7
38
135
126
0
45
55
32
21
3
27
181
15
205
40
-163
90
48
14
-14
-166
24
-1
7
-15
-43
-244
-205
-32
-151
-3
36
-84
19
-49
-21
0
502
1
6
-5
22
40
52
-15
-36
3
4
12
-29
-6
5
4
-127
18
2
53
12
14
10
8
-153
-17
-33
56
31
-18
2
10
-39
63
8
4
13
159
11
-28
7
11
24
-34
5
2
143
11
-6
3
13
-67
8
550
-43
11
-16
9
17
-801
-51
19
4
66
-9
19
80
62
3
-264
-361
29
-108
29
332
51
14
1
23
62
4
0
-73
-32
104
-4
15
1
24
-60
-41
26
10
-2
29
55
3
-10
-79
-123
32
33
4
12
3
8
20
6
-4
0
-12
12
321
4
-1
8
-53
-4
2
0
-86
4
-46
165
7
3
193
20
42
168
33
19
135
1
-51
123
49
324
4
245
3
15
68
56
173
29
-359
12
14
25
18
27
-149
49
-60
52
-5
-1
-147
-723
219
-1
114
-101
-64
13
11
5
-81
7
3
-346
-88
21
16
-97
54
-86
-94
-15
114
43
28
2
65
10
-40
5
5
9
22
18
14
13
18
-29
27
-105
-362
20
11
-1
25
-1
15
28
-8
23
-155
0
67
-77
64
-3
161
-7
-3
-85
28
56
-158
69
-19
37
11
104
-15
-22
20
-279
23
4
5
5
14
22
-3
8
4
15
16
3
29
43
58
34
-204
-2
14
278
1
40
-11
-21
0
35
57
-27
32
51
62
66
-102
10
6
-37
96
67
61
26
11
-63
-40
-454
183
-25
128
10
55
-51
16
26
68
17
-37
8
0
3
31
14
0
6
19
-569
17
9
-14
21
18
-293
-157
-1040
9
30
-54
84
298
-43
21
102
39
27
0
-3
25
21
12
38
86
4
41
315
37
13
32
67
42
45
-12
12
9
24
-136
1
0
-42
22
3
-13
27
100
11
-171
4
30
10
20
8
61
61
0
-97
9
-295
-3
11
-105
13
2
-211
14
124
-90
29
-2
-650
3
26
-13
4
-161
-14
51
-1
29
80
-868
18
2
11
11
-22
-4
-10
12
-6
62
1
133
-32
65
4
-354
-3
-35
13
36
17
60
43
9
5
-43
69
52
7
29
33
85
35
218
-140
13
167
49
-9
12
-35
11
60
76
14
36
98
111
0
8
8
29
4
6
3
3
-1
9
38
56
47
77
13
15
39
42
-15
38
-12
5
-20
11
5
3
70
70
-21
45
20
-92
-63
10
-3
8
36
42
45
110
37
88
22
24
147
17
-130
18
56
22
38
135
-14
5
41
-73
4
50
17
86
47
37
59
8
27
37
0
38
17
5
43
-78
1
14
2
-11
11
-29
-33
-34
20
5
-94
81
-43
-312
119
24
19
-17
1
6
-13
42
98
78
8
6
-46
83
-45
43
265
34
21
-4
17
2
17
-160
303
28
-1163
-5
154
58
-40
-61
13
-154
3
2
-161
3
6
216
-165
0
-27
17
11
7
-75
-487
120
-154
1
69
2
17
6
14
40
-647
22
5
60
1
5
73
30
-201
18
4
8
92
78
11
-336
2
36
-126
0
-10
5
8
-193
45
13
2
-51
-67
0
85
6
-7
35
111
-28
-1141
28
36
43
-24
17
52
-8
21
15
29
25
105
90
36
7
12
-69
16
-427
5
3
36
25
31
139
-81
-10
27
8
21
6
-131
39
10
31
-12
30
38
22
7
8
49
0
-17
-3
299
-34
50
12
0
216
-86
3
143
-20
-38
-15
43
74
3
-3
54
39
108
17
88
2
138
2
13
99
35
76
-121
11
-40
-15
43
360
160
112
32
2
60
1
31
14
37
1
9
-6
29
2
-68
5
81
-176
-55
-8
5
63
21
3
130
0
-4
19
-18
327
21
-3
-316
21
-76
-34
-11
4
-56
0
20
-4
3
39
-18
8
-22
-2
2
-29
57
14
159
-14
63
-9
-28
3
10
16
59
-4
338
13
11
108
5
86
10
1
-138
14
-10
-24
127
46
62
-4
18
17
-145
-1043
-101
4
7
-12
-55
45
5
-22
2
-5
-900
33
-59
21
-15
38
-130
10
-11
117
110
4
2
38
134
59
158
32
-2
24
0
10
24
-99
-13
38
-490
-167
-111
-45
2
-108
5
-298
-16
130
52
157
-120
70
117
-152
24
25
-51
-64
12
9
6
335
-46
0
7
-303
14
22
22
10
-146
8
4
4
3
105
2
17
-7
13
136
-67
-34
56
5
-26
-93
-101
5
3
32
-8
-14
-6
26
105
21
12
153
-35
134
-12
340
83
-37
-22
-454
-31
20
23
0
258
-57
1
-360
18
78
156
36
50
-1
22
1
-9
-24
52
72
-40
4
31
13
35
-67
11
20
-1
6
7
7
140
129
23
7
12
39
52
41
15
17
-185
55
36
-51
40
11
-82
-43
12
2
12
21
-176
11
4
26
-190
1
16
311
-93
65
4
1
52
-18
117
24
81
-57
1
-12
14
17
-32
12
-30
47
-267
2
-76
7
65
0
-90
-64
-25
9
164
2
0
7
26
-10
0
107
10
-1134
5
32
58
-72
-84
2
-30
133
-16
94
2
72
-13
-48
-53
-174
10
111
41
0
39
61
35
-164
26
-67
9
-29
46
1
61
0
24
-574
-1
-2
7
13
11
48
0
-32
6
3
25
-40
-312
-11
80
26
-9
-22
24
-35
-47
27
6
10
16
-139
32
-4
12
60
14
-10
-6
37
0
1
-135
-126
20
-17
27
5
12
55
-40
-6
43
75
11
11
13
5
-77
-11
82
96
22
93
3
-69
137
-302
33
74
69
42
9
22
20
31
2
23
9
33
2
44
8
140
8
4
68
91
27
0
-2
20
58
3
11
-9
5
-166
14
1
-53
4
1
-32
95
7
9
7
6
-78
-261
74
-31
-405
104
3
-2
4
-79
-115
0
7
6
348
-67
5
160
-38
148
70
12
-5
94
23
9
1
-2
68
68
-45
60
-151
7
-20
3
5
44
-364
312
28
4
2
-60
-342
58
5
-251
-366
27
43
9
-8
-37
13
26
25
-53
32
52
18
-37
19
44
-325
3
1
-5
26
8
13
39
1
95
69
24
176
2
140
-4
-101
32
3
140
4
4
26
156
62
18
-225
-12
-61
75
-6
90
1
-61
107
2
-141
-140
42
414
68
21
28
0
109
37
3
7
259
-78
-51
-13
23
71
156
-159
-47
91
-177
196
28
-237
9
5
79
84
45
-219
101
0
17
74
18
102
13
19
48
22
-1
6
5
67
-139
-257
15
28
12
-187
54
6
16
123
-54
3
118
-86
11
10
14
18
-456
44
0
6
-1
8
10
169
-4
20
0
89
-54
10
90
3
-198
22
-23
1
45
11
-308
55
2
0
-109
-5
-13
-61
-1
-11
-265
97
-137
14
-65
43
27
-169
27
7
9
116
36
13
17
76
-321
1
3
27
-32
16
-71
3
48
6
-10
10
-84
9
-263
-7
-13
64
2
13
33
15
156
99
51
40
126
-307
-252
-9
-187
-139
-6
0
19
-84
105
56
10
-15
9
15
43
75
99
89
277
-17
37
6
68
18
0
12
168
43
29
-41
-11
30
0
51
18
17
-5
39
-2
4
0
-12
32
8
-27
7
-40
60
45
2
83
57
59
-19
-5
18
60
5
3
-145
243
-2
22
42
-10
246
-810
4
23
20
-1
39
112
102
35
81
183
2
20
17
-36
8
-5
-20
11
-121
3
4
-3
-61
113
-66
0
359
-9
-49
-5
2
328
3
61
137
-29
11
-10
35
3
10
56
8
32
-97
3
84
21
-160
5
11
16
49
-37
-15
0
-41
8
53
9
12
90
-93
-103
3
54
16
-12
20
203
199
-1149
21
-37
-155
-221
43
38
-68
-14
102
-34
1
9
131
-8
70
-51
124
-39
-3
30
0
-1
60
19
57
-127
30
89
15
93
-31
124
-30
25
-490
26
-6
-2
81
43
3
3
-196
18
0
54
1
45
9
7
232
-14
12
-2
185
25
-32
2
7
2
86
102
3
-111
1
51
6
53
113
1
70
39
-6
-4
-46
-414
106
-8
71
-35
30
24
22
570
17
1
27
36
3
4
3
-11
-36
12
68
31
-10
-45
34
1
2
-43
9
4
173
11
6
307
-5
5
12
-57
1
15
57
-2
-153
28
-22
1
-138
211
1
32
1
-21
-18
-56
14
191
198
9
20
38
69
-9
50
17
1
22
4
15
7
17
5
28
180
2
-153
85
8
-163
-454
3
61
1
138
-9
32
17
-1184
-155
4
-8
37
111
-18
2
77
-170
-24
-49
131
-106
-40
-8
54
-95
-40
68
0
193
56
209
-11
53
11
0
8
19
15
-10
-145
22
-11
89
-119
-8
-1207
11
32
-4
19
-485
-685
17
277
-348
33
-88
46
46
42
97
97
9
460
40
3
-63
-1
7
60
35
39
74
6
13
1
6
42
-212
12
24
-74
-4
349
2
-122
12
81
28
-8
101
35
-32
-36
57
58
2
-1
-129
5
24
-10
80
3
-138
37
-22
1
8
8
7
5
-1
43
5
39
21
-50
3
-34
11
1
-102
18
-28
4
-28
-211
35
76
173
57
17
-33
40
86
16
51
-87
5
-145
-64
-159
-8
-4
26
-260
0
-2
259
103
-204
25
309
69
1
46
-137
3
-5
12
18
0
20
157
37
14
354
14
-31
20
20
-48
-369
-47
0
53
-3
59
48
49
3
2
51
3
19
-240
11
38
-98
7
99
-11
252
-6
111
3
17
89
1
15
5
14
-13
-238
39
-60
32
257
-40
-6
222
40
4
57
346
22
-112
-48
76
62
6
-336
59
10
12
136
11
-211
50
2
-21
-189
12
-2
4
51
5
36
-1
3
-140
-9
-14
-23
7
34
4
7
37
-18
12
-10
-5
1
2
-19
40
100
96
0
3
52
4
17
-1
88
2
57
-2
26
-129
103
1
-12
56
14
12
-43
69
354
1
21
-11
114
5
5
35
7
-156
44
20
-3
-131
-1
1
-394
21
14
2
0
9
10
95
22
-16
51
0
47
-24
6
99
7
-89
-153
-3
1
40
21
61
21
3
84
14
-71
3
-2
-77
197
-102
-120
-107
-71
3
45
41
-33
-108
-61
2
7
292
5
48
110
58
43
10
23
69
-2
76
9
6
212
2
94
-69
132
5
-13
93
77
22
-3
-10
106
55
-11
6
-125
0
14
-20
-5
11
2
-4
-9
-14
27
221
-8
32
306
-109
45
0
42
50
3
14
9
135
-47
-19
-135
153
53
36
94
59
61
-35
-44
-2
13
99
31
52
28
-170
-11
39
-49
-5
11
93
9
-5
1
-36
21
76
-17
6
92
-2
25
239
41
34
10
-29
37
-23
11
13
8
-43
-706
8
17
-271
9
76
9
138
-191
-578
-15
14
-44
1
41
75
-15
-236
3
26
24
41
-14
19
1
41
100
3
3
-318
74
46
7
56
32
31
45
41
5
18
13
1
22
39
28
0
500
1
0
3
2
5
-185
18
28
5
-37
5
3
-25
-17
19
99
-145
-93
351
1
19
31
2
-3
92
39
115
5
31
42
-186
113
-115
55
35
36
2
46
82
12
60
-32
8
61
12
14
-297
18
41
-11
22
-417
54
28
39
15
-1
-133
4
-1
31
142
1
-62
2
21
-19
2
2
3
174
19
70
-146
61
3
25
-56
92
-121
0
9
15
176
16
40
-21
247
-66
51
4
-184
57
4
43
35
20
14
0
3
17
11
-44
-34
10
302
59
14
9
55
10
-17
6
5
24
-28
29
24
16
16
14
5
44
125
-110
132
38
5
11
9
-15
-2
-15
0
6
127
383
141
7
21
5
-240
-120
11
7
-39
-26
73
-92
29
180
36
3
-26
-49
50
95
4
0
19
199
4
-28
9
11
1
4
25
7
-199
-177
14
-4
-13
3
7
11
3
-205
-31
-10
6
111
11
50
0
0
58
40
36
5
54
23
5
-15
-309
-171
-55
0
1
-227
26
169
53
58
4
-29
7
-10
-8
37
-56
8
29
85
4
61
5
-145
15
-21
40
19
-11
28
40
51
11
97
-1
-12
-2
17
40
-60
-132
6
45
66
-21
32
11
26
203
-3
-12
-157
139
26
6
89
-781
45
7
8
3
21
28
0
3
-17
1
7
-5
47
38
29
-2
-408
0
8
25
0
137
-5
6
76
78
72
147
38
14
-43
40
5
8
25
-76
118
-37
-19
2
40
-134
-8
24
-20
-67
-14
17
36
-54
-71
158
91
41
-42
296
-156
74
10
43
3
2
36
81
-20
13
-7
-70
43
136
41
18
-178
78
-3
43
60
13
-49
117
-68
51
9
109
8
0
55
-13
224
48
210
28
32
54
-239
7
111
34
-131
27
55
67
29
40
6
46
10
9
30
5
-6
21
0
13
-273
29
-3
15
13
4
1
-8
13
56
9
10
4
28
25
1
-3
18
59
31
0
-20
-129
6
32
-22
69
-2
-90
40
45
48
3
7
-21
117
-56
151
-36
4
51
-1
-129
249
8
47
22
53
27
-94
22
112
13
74
11
30
10
230
37
29
38
-121
-138
1
-725
7
11
2
22
25
-12
19
25
-27
-534
189
7
-2
37
113
-39
57
15
76
-9
32
133
0
0
0
101
59
11
-192
32
86
131
65
-3
23
-250
100
127
41
-18
-56
-22
-84
9
-1
29
-114
-86
-933
13
-89
-21
24
102
17
124
51
16
137
-663
-26
71
11
-15
48
-2
81
232
40
62
3
53
93
-176
-360
151
8
76
1
1
65
57
6
15
9
96
-68
196
-168
3
17
-43
29
-13
0
21
0
22
-20
100
4
-605
33
135
14
-17
520
27
15
32
-760
7
16
41
-2
80
85
-114
41
-284
5
-2
0
14
26
239
5
170
-281
-5
-296
57
0
0
71
60
64
5
-130
43
-10
-77
-96
22
-89
0
-4
-23
2
1
85
19
23
39
14
-78
6
31
58
25
-4
-1
36
41
28
-180
80
1
36
-799
-4
-39
9
352
-222
-210
-31
4
218
1
24
82
70
80
2
82
-51
50
8
1
6
-1
-229
65
11
23
88
-8
-18
-1
207
87
13
-67
-23
22
34
407
-42
47
3
-2
12
35
86
4
36
29
22
14
-262
45
-17
4
-19
-177
63
-8
5
55
33
54
-80
-1
68
68
17
65
-5
2
279
0
20
1
1
109
-270
-21
-4
30
4
0
119
1
54
14
-32
-26
37
1
17
4
56
-11
-86
17
52
1
3
2
-13
1
35
38
22
-192
-16
-14
8
6
-264
11
19
72
20
3
9
56
-12
65
52
92
49
7
11
1
-37
23
4
-3
3
19
-4
5
-3
56
199
4
4
5
111
20
45
-117
16
54
19
73
138
14
-12
39
-6
14
-170
-78
1
258
126
8
252
-20
71
150
112
-172
46
-272
41
53
-1
12
29
18
47
-18
10
51
27
0
59
57
6
-58
52
-2
255
1
79
9
-8
15
180
-188
8
4
38
39
28
95
0
22
61
-22
7
3
74
75
75
-15
176
42
0
1
-54
-372
22
-124
-14
-2
6
-139
93
96
0
22
72
-1
-1143
20
-13
161
15
-138
9
16
3
-50
-9
56
28
67
-1
10
-5
21
3
2
-8
48
-5
-173
8
32
32
-17
61
18
8
-170
26
8
2
33
-45
94
-49
-483
37
7
92
191
-77
25
4
306
-48
-25
175
-816
26
53
-131
-40
-106
9
16
-26
6
-100
-50
-129
86
-725
-30
-12
1
-742
74
-12
5
-64
31
28
0
-49
-223
52
-2
-20
0
6
0
30
25
34
-134
268
32
4
356
-9
84
42
-60
44
2
37
27
17
13
64
-8
4
-273
21
7
-171
35
-2
30
59
18
-1
-19
17
-82
-28
4
34
60
-18
34
-22
10
11
-1086
-4
154
-2
3
-1
5
-11
26
-53
-12
-6
-5
0
308
-69
34
2
5
27
-102
167
7
-19
18
-69
5
-25
-36
319
-2
2
-57
512
30
-19
-189
-24
-200
298
-33
4
4
-82
-834
20
-179
-117
34
-12
28
-91
-333
6
122
1
118
73
-7
4
0
-76
3
-40
87
44
113
-176
55
7
492
132
178
4
6
-5
2
77
-76
29
15
15
22
34
192
5
107
3
66
88
346
45
-319
-107
227
18
327
63
-1
7
18
79
12
8
6
15
4
12
-3
-9
-8
43
13
19
-4
-15
-60
18
17
14
17
-11
114
74
30
-63
-32
-11
48
113
14
-28
4
155
7
-16
216
14
-45
-783
107
121
-107
47
-306
11
12
24
234
59
-33
6
-5
43
2
14
71
106
18
-316
-7
79
1
-69
29
7
47
-15
38
-105
3
107
237
-180
49
-29
14
11
10
14
-36
-7
-22
151
94
-87
45
5
-112
-2
-6
74
90
-158
-139
3
39
-7
14
59
-36
-450
300
13
2
75
36
106
-4
53
-4
61
207
49
0
-52
3
67
-80
53
-216
-848
22
5
35
3
-116
-31
-32
34
385
-6
-296
16
19
129
28
-11
1
-38
-728
-9
155
-47
15
331
98
-15
48
-478
7
86
26
-15
-35
-27
4
38
363
12
13
-9
119
-7
-35
-416
-102
-27
16
80
6
60
23
35
2
3
11
64
144
-198
-785
49
-3
3
6
-6
26
15
46
1
17
71
-85
-58
11
61
12
-72
114
-10
0
-3
40
26
4
-17
3
4
-61
17
-352
92
145
-28
68
33
301
-276
50
60
3
98
1
0
38
74
60
34
-24
-75
40
2
-118
184
-5
-93
163
-49
4
6
90
50
16
3
268
33
42
-11
11
4
23
15
69
8
-316
7
-45
53
85
-26
-527
-119
-2
169
117
32
1
57
52
83
-142
-4
131
5
-15
20
-195
54
4
214
46
16
68
-266
-15
-15
106
-75
0
-230
-54
63
-18
20
-114
0
51
-108
23
4
23
34
-17
-8
5
90
8
8
9
-24
-63
-2
145
19
112
5
24
3
-45
10
-1
-129
6
-22
114
11
42
-154
9
5
32
43
39
-77
10
22
0
-13
87
-250
-31
-18
47
271
43
-19
5
29
21
8
3
-12
64
18
-3
113
158
-45
44
-541
51
55
72
29
-7
14
1
52
13
4
254
34
63
139
53
101
8
4
-14
0
-75
-89
50
98
196
19
-407
47
0
43
11
-317
18
-36
32
105
76
-27
0
6
12
29
-97
61
-111
44
37
39
-167
-817
32
7
144
18
3
-25
5
10
74
-262
96
18
22
22
-9
30
-27
21
-50
5
54
362
-24
46
54
4
25
0
86
79
368
-64
18
26
61
4
155
3
13
8
99
-122
95
10
16
11
8
-341
19
14
13
-9
6
-64
7
24
48
8
181
-174
28
12
36
-505
-13
-5
26
89
73
7
26
10
12
0
-104
3
-39
16
-73
37
-157
34
-20
13
6
15
-70
-25
76
8
39
-6
-45
4
-144
-9
22
32
39
-9
17
4
33
-187
24
30
27
-163
-844
0
-10
-57
69
97
-156
7
19
45
39
66
50
-61
8
-21
12
-12
66
55
8
-343
7
-50
8
45
27
37
47
388
-81
-51
-10
-7
7
13
27
-4
5
-44
11
-13
0
1
12
126
69
-19
25
14
-127
-17
-106
8
93
2
25
91
-90
11
3
93
140
8
29
15
107
-45
-7
11
16
-170
-1
-166
1
13
112
8
-8
-274
27
54
-37
4
44
-378
20
10
64
-109
47
40
-74
15
8
143
-16
42
31
131
11
9
73
154
80
13
283
22
-71
10
34
1
87
13
40
165
68
37
16
-19
1
23
344
72
17
55
26
33
22
-5
0
-17
36
177
19
-36
1
-221
16
4
-13
3
-42
252
52
-7
35
4
0
-201
9
138
-148
4
0
20
97
9
9
-258
-139
-3
-785
72
1
28
-39
3
-184
5
65
123
-69
40
7
71
113
62
-13
73
167
53
-50
1
101
-18
-101
-27
-2
10
37
19
-5
-174
22
45
-23
186
99
-90
94
2
24
23
9
48
91
-11
-17
7
245
0
-52
-169
25
468
65
11
-207
-41
-66
52
3
-37
-16
95
45
12
9
-11
-249
1
-7
10
33
60
3
-795
-12
-51
53
34
-4
-65
-72
54
2
-26
-37
52
0
77
1
26
16
46
17
6
-689
-14
-87
-219
11
8
163
-6
60
-77
5
25
186
3
75
260
75
6
3
97
162
1
2
-77
24
1
-29
15
28
-1088
125
12
0
-38
21
-33
12
18
-14
-20
34
-9
-40
94
-80
17
-114
41
93
7
64
4
-13
6
-12
115
35
4
39
-21
64
1
-149
6
4
-68
24
5
93
3
8
221
-95
-43
2
227
31
115
8
41
251
159
28
30
55
71
1
-530
-156
27
-87
152
-66
132
83
4
277
209
109
84
25
2
-14
-36
-456
-235
-17
16
16
25
-63
22
-38
10
3
4
3
-2
16
19
324
-7
39
31
18
3
-236
-82
16
27
15
17
-1
25
60
65
-87
7
16
57
-21
-5
79
-102
23
9
10
11
56
20
-41
18
92
90
130
-588
20
98
11
20
3
364
63
24
39
-7
-189
-6
57
1
14
-14
-79
65
-4
-4
5
-110
-5
205
7
-32
16
28
2
-144
4
0
6
16
-189
-292
2
71
-2
62
351
0
32
38
154
16
-8
-183
101
-27
4
-66
189
8
-10
-52
-23
8
16
52
1
-9
50
34
-27
42
36
24
-244
21
1
-321
-35
11
15
-11
-5
56
6
19
-63
14
35
-50
9
-891
3
-287
7
4
15
47
94
-50
41
0
110
67
209
-44
-129
9
102
8
146
386
25
14
2
16
1
-342
-561
36
-13
102
400
1
60
34
99
20
51
12
26
-31
-58
54
92
-163
126
37
-12
-32
61
13
18
14
15
-1
7
49
6
-70
-3
-1223
29
-79
24
-25
-714
8
4
-17
-17
3
1
-382
49
-55
-133
303
-696
21
32
11
5
3
-226
44
76
38
46
-25
7
6
3
-183
3
40
52
-26
-642
51
29
-43
7
59
54
38
-43
29
3
4
3
-152
-49
1
12
13
55
45
12
32
97
6
-28
-71
21
20
82
65
8
3
4
29
-67
-592
-82
-122
5
74
111
-106
58
17
82
6
246
283
12
148
22
9
-2
6
-8
144
8
19
-19
76
-137
13
1
-146
50
80
119
12
45
22
0
75
-17
-82
99
23
95
43
67
-38
22
14
14
36
-358
18
127
3
239
112
33
39
4
18
39
73
3
9
40
50
198
27
-472
68
2
42
-13
23
-21
70
59
28
-4
136
10
1
3
-24
-2
30
-15
-6
5
-81
-68
11
20
66
10
-50
-96
1
-75
36
-124
-11
1
77
-156
0
14
1
6
-25
25
-72
12
2
421
70
-18
62
286
40
0
11
73
-42
486
37
-4
18
-50
4
172
27
14
258
13
54
-601
12
1
-466
-8
9
18
-23
23
4
-2
-349
30
36
-17
224
-13
7
124
9
-71
169
-1093
4
63
8
78
1
77
-171
32
37
57
-281
129
7
16
-30
19
185
-5
19
60
-59
12
-682
2
-109
38
8
108
11
0
170
55
68
27
17
12
9
3
46
42
105
7
0
20
85
112
-72
25
63
-29
-21
23
34
-1
-9
96
-189
9
-16
56
1
151
-54
16
117
167
34
-14
127
18
-145
-162
165
3
-27
158
35
-13
6
16
49
-118
24
25
-33
-3
177
-10
243
-7
52
1
-53
-9
3
4
369
13
-258
-183
195
55
-73
134
-111
317
20
54
7
11
173
1
-708
64
33
54
130
-39
159
88
72
-57
69
45
52
-375
14
-1
135
356
5
-165
0
2
18
-17
37
7
73
166
-55
102
-37
-3
40
73
14
1
13
16
-31
-8
240
81
24
6
-21
15
6
156
17
-145
10
50
-40
1
33
167
-36
74
-2
-11
33
16
31
47
10
70
6
-106
55
66
-4
-109
-117
0
-41
4
18
31
24
12
85
2
-68
8
12
84
22
-8
28
33
-8
-50
8
-15
1
15
63
120
0
5
6
-280
42
-26
5
8
194
5
39
-83
-3
27
17
19
-29
18
182
-6
294
-5
-94
-178
-285
8
56
2
-160
-18
87
-24
-121
-470
13
1
-17
39
10
24
-11
-15
-292
-45
66
16
18
49
125
-25
42
-15
-69
-17
-71
106
91
-31
50
35
19
-113
6
70
-1
3
39
-10
-38
11
20
39
4
1
-73
85
-56
379
108
48
49
-10
25
-111
20
161
12
-6
26
100
7
-786
38
9
-19
16
32
4
56
9
4
-20
18
-104
-79
-20
-64
-232
-36
152
462
47
18
10
30
7
11
88
230
-248
-134
47
94
12
37
31
-183
-107
8
29
50
124
-212
115
88
16
121
-1
-54
-34
-34
69
44
39
30
3
-167
-2
-117
-3
59
17
52
46
-28
-2
-21
0
66
-25
-108
2
-725
17
172
34
15
0
27
242
68
130
-748
40
41
8
-53
-3
22
2
18
25
43
-50
13
-16
20
59
86
95
372
-317
15
28
1
4
34
8
-57
-19
-144
-13
205
10
110
-13
2
32
111
36
21
3
-207
-37
-46
40
3
-45
119
0
20
6
91
-87
-34
-15
-22
-92
101
90
121
53
5
38
328
-436
88
16
109
-39
21
-2
34
-93
42
-3
-62
9
36
-49
9
-42
6
36
10
-121
47
26
-19
-1
0
140
41
-1085
-9
37
19
25
18
56
-252
76
-17
98
74
18
9
82
67
-7
10
0
9
219
-427
-28
59
18
-248
33
1
25
28
-38
237
-18
30
-7
145
-242
-223
1
5
39
-285
-15
36
88
3
68
23
-17
35
2
72
117
78
18
-16
-93
-4
103
-13
-5
-89
16
-228
3
8
16
49
82
42
1
86
63
-94
6
124
114
381
-119
3
313
-13
8
-20
7
-254
-8
14
27
0
15
14
-78
-2
37
7
70
14
-313
-10
-8
-4
16
17
58
20
-28
283
33
28
65
-33
126
-2
5
134
-87
27
72
4
14
35
-266
-33
-87
-7
-20
-31
24
-12
60
19
-116
18
12
64
-20
8
74
344
134
-804
18
56
83
-1092
16
-209
88
274
67
-116
22
57
99
14
142
15
3
108
13
-30
-718
2
34
126
68
0
12
0
38
9
-773
9
-156
10
-17
21
38
22
-1
23
86
95
22
-209
0
158
5
7
-88
59
191
-5
-4
-3
-209
-69
-28
-30
0
0
-35
113
-43
-45
-23
-41
-815
-739
18
-49
0
52
50
-8
91
19
118
14
15
1
0
19
30
-2
-26
16
-96
6
51
3
11
3
83
-105
-75
180
24
44
-58
-27
148
-20
19
26
46
8
139
4
-76
21
-2
7
-36
-91
-129
238
8
-70
34
4
-48
-45
-187
-16
3
-42
18
3
-102
57
68
93
47
10
-86
26
21
49
-1
127
-557
-46
372
20
-1
203
79
6
160
21
33
27
16
183
17
144
24
12
14
9
32
-9
-85
116
10
42
-96
24
24
-50
0
-13
36
94
-448
-119
280
-79
77
2
31
57
12
-18
0
82
13
216
13
-8
87
-34
120
62
-57
136
-82
1
-112
7
61
65
1
11
224
-747
-8
9
-128
-585
-4
-164
10
8
-72
0
-22
7
15
-399
-28
-23
7
50
0
-201
4
3
80
51
53
37
-1
84
-12
8
-149
9
-55
38
6
-4
-6
-703
38
24
8
24
9
141
143
62
85
-11
-817
34
-11
4
1
8
-179
1
-22
-1091
-19
84
-157
76
8
40
58
-4
-64
13
79
9
10
11
154
-6
3
1
17
-42
18
83
-19
10
4
97
7
193
34
10
4
7
260
-4
93
0
-122
34
218
131
16
-219
-45
-2
46
78
87
33
46
46
8
-109
3
-745
33
66
-3
-11
-16
20
-2
3
77
2
-36
57
34
63
13
85
-111
-2
-259
259
-32
38
7
82
70
21
10
116
31
46
19
1
180
-110
33
16
214
10
15
557
16
0
93
-43
53
-421
2
-131
40
12
-184
1
-198
0
-14
-101
185
41
-11
68
2
4
3
5
20
3
21
2
86
-157
119
43
57
-31
38
-19
64
-779
152
8
63
-120
33
1
7
48
12
-26
20
128
36
93
-6
12
-8
-61
0
421
8
-359
35
3
4
-84
50
13
-24
29
-23
14
-61
5
-17
-2
-8
-101
11
-39
-46
30
34
-2
36
63
38
-83
-71
-206
-16
347
88
36
-163
148
56
233
43
3
13
105
4
58
-67
14
12
50
5
-745
34
-134
-242
-450
4
-6
37
8
1
106
47
141
87
18
-12
-714
32
28
-505
12
-35
111
-27
10
208
12
57
58
55
17
13
16
57
4
52
-82
22
-95
60
40
-15
-30
18
-27
-7
72
-6
50
-135
12
2
-6
-103
-25
65
15
4
61
70
-115
-225
124
23
43
-49
-87
101
-7
9
35
505
69
14
99
48
-36
-43
-126
149
15
114
45
62
27
43
16
13
-100
44
40
8
4
2
7
6
32
17
-447
-30
27
-28
23
12
1
158
10
25
14
470
-4
15
33
8
-4
19
17
33
-123
57
6
-333
-22
3
15
23
11
92
346
9
30
9
84
15
155
270
32
26
10
-12
165
-120
-66
10
-42
-116
204
17
40
-2
-8
7
19
31
119
21
-6
7
73
1
-185
79
8
15
2
-52
-130
75
-218
-723
-22
-5
2
-63
-74
3
9
31
358
138
-30
548
45
-17
33
5
7
5
0
-45
47
197
-29
23
59
39
34
48
-2
-7
42
42
26
2
109
-1185
-25
3
12
-148
1
0
15
-15
-72
156
25
-833
94
-711
89
-16
4
88
-120
-457
154
45
14
8
3
110
24
57
36
-579
-5
27
-83
-335
-70
-6
177
122
50
-2
-8
39
9
25
11
128
45
0
-249
-145
45
81
44
-1
63
80
-146
63
-1
-139
-39
61
34
-10
6
28
31
6
50
123
9
41
-3
2
41
33
-260
-70
-740
2
-6
-58
2
130
-172
21
94
76
205
-118
60
11
67
-15
-699
14
-62
-739
110
72
6
-4
51
-9
-9
-303
8
7
0
7
12
75
0
12
17
-118
99
26
-17
4
23
21
5
13
61
56
24
-2
75
17
0
83
-17
70
-17
30
-137
14
12
28
16
283
-18
-7
18
173
73
-3
2
28
2
-27
229
160
213
-17
4
2
89
262
37
70
-21
7
46
5
31
9
62
137
11
178
46
18
101
-131
-210
-2
214
65
7
9
16
99
28
53
48
14
59
117
63
32
46
4
40
25
168
58
138
62
-518
83
-258
40
-159
70
5
40
65
7
67
82
-100
28
-4
14
47
-79
-99
13
1
22
4
6
-64
1
17
65
173
-33
313
28
-12
-58
19
138
5
25
15
-335
-27
234
16
-25
-24
-38
-87
140
44
44
151
16
13
-444
56
23
-34
25
-126
12
20
34
7
10
59
12
-740
-76
79
5
-53
63
121
326
103
58
28
217
34
6
-8
-3
-123
-317
7
64
7
39
-90
124
-6
-27
31
35
182
-56
167
43
38
-43
272
77
14
-7
8
50
-18
590
-71
14
50
2
13
-68
38
2
1
-94
101
223
-12
185
-9
227
-30
139
-10
138
-36
4
11
4
71
30
61
-556
105
24
-249
47
181
45
49
7
-794
-20
8
1
9
39
97
-46
204
40
13
89
2
29
-89
2
-1138
33
9
-2
104
73
70
180
50
23
8
47
120
6
194
5
-24
40
25
-173
116
7
22
-17
57
4
45
39
-18
12
158
8
77
16
-33
118
-482
153
4
42
67
-531
-13
15
-8
74
21
37
70
-2
231
43
13
25
73
21
58
67
-120
72
25
44
6
30
-1
-536
16
-274
22
39
112
5
18
-11
46
9
83
3
289
-71
-626
35
-447
16
-8
38
48
-71
13
10
28
0
-52
22
-22
69
-1
53
-171
7
-12
-12
1
-74
18
4
61
-26
-192
44
27
108
1
17
37
-47
23
191
17
34
-48
-94
17
1
78
46
43
-55
-45
198
-50
-30
20
-226
16
23
-385
95
7
20
-11
39
63
18
11
7
14
72
18
51
104
11
7
-21
-17
-32
3
50
-113
160
-39
49
-70
28
20
8
15
-19
-4
29
30
-3
14
1
-13
8
76
3
1
-156
15
-1
80
44
68
-15
-566
127
-852
62
27
24
14
19
201
65
-38
-19
24
3
-6
-36
-198
81
-83
-482
13
70
1
1
-1
52
-282
97
-1
4
9
13
42
33
12
3
-90
142
-128
25
0
-104
-29
8
116
-20
-166
-265
29
42
4
102
44
-20
100
-14
-4
1
70
295
-119
-77
1
37
11
0
17
102
-841
33
181
5
-88
-44
126
9
7
-2
67
-37
2
42
-28
3
13
-213
99
32
43
75
13
8
-8
22
44
7
7
-42
321
34
-3
-126
-87
39
-61
24
37
-168
165
-97
43
10
34
-16
5
-29
-322
21
0
14
41
-302
-281
50
124
58
81
7
8
10
-8
46
33
12
0
-1137
35
-90
-18
7
-329
-90
70
20
19
102
8
-33
6
-66
32
2
105
65
-22
-17
4
19
-67
65
-1
-15
85
-236
-53
-6
-14
-2
38
-1
-29
-21
18
79
-7
-276
-60
97
24
56
1
75
97
3
-9
-47
26
-52
50
20
106
6
21
-607
-65
114
58
7
0
86
5
8
33
-3
57
-9
1
-245
-13
-8
156
32
13
-30
-1
31
-882
88
26
15
11
-38
15
0
-16
-41
11
11
431
6
-79
2
182
-64
203
59
89
8
2
8
381
0
-188
-16
19
-85
16
14
1
50
-350
46
164
-226
-3
41
14
108
61
10
1
-4
55
6
87
64
8
189
93
4
-8
33
-1
32
3
19
46
14
105
110
203
159
46
-12
4
147
14
-7
-11
-65
-71
-10
-279
428
-101
26
96
102
4
4
0
-1
-180
46
-20
21
-8
16
54
109
9
-2
1
6
58
3
43
-201
6
14
29
-103
-60
309
108
-102
120
65
131
8
-20
-163
179
-319
121
11
342
-187
25
121
-67
9
13
139
9
0
297
115
-25
167
10
-361
17
110
-133
-84
-31
11
78
186
-32
8
-22
-244
6
62
-13
15
7
156
2
-188
147
109
40
75
-39
7
-11
-14
1
21
76
8
24
22
-28
-2
-5
87
73
17
-302
9
-413
3
117
19
0
-37
40
10
-86
-9
-50
-58
27
-16
71
-58
-24
-19
54
-20
61
48
17
3
69
-7
-23
23
2
88
23
18
65
60
60
4
13
107
395
65
-6
7
1
-104
17
77
-59
-35
7
88
45
217
6
-6
25
-5
-18
52
-11
287
30
-5
24
29
19
17
7
35
3
18
-5
33
-36
0
-91
-668
-80
-12
10
182
-69
141
165
285
-36
55
5
-8
-17
21
7
36
134
18
-4
1
1
-12
-11
9
-61
75
-104
0
7
49
-29
48
16
-4
-27
53
77
17
7
-2
19
-9
-78
42
8
0
-27
444
0
39
-8
19
62
30
-107
-14
-66
-31
91
24
-269
-101
11
20
149
-145
247
-151
2
13
-21
0
5
325
-112
-271
-217
-64
32
347
18
54
45
77
-12
44
23
49
-101
-447
12
122
-9
14
-3
-46
74
-1128
-148
7
3
-1170
2
31
59
-95
3
-54
14
12
47
-25
98
113
106
15
40
46
23
-23
22
-29
3
53
96
-54
151
-48
-233
28
32
1
-6
-167
3
-291
10
11
0
9
162
-4
48
-440
-10
10
46
21
-37
56
-62
131
1
185
157
17
-54
28
-6
-25
173
-100
4
36
-45
3
118
24
6
2
-172
9
-41
25
102
1
35
2
-6
97
12
-460
209
-19
75
1
56
8
90
-21
18
48
12
15
315
10
7
-102
-7
-340
-70
42
0
161
4
-8
60
-89
-65
6
9
6
223
62
112
-72
183
70
-3
76
3
68
45
-7
5
-16
295
-155
56
-40
-17
20
7
3
122
6
-73
-91
-5
85
14
29
-101
123
14
87
41
23
39
-703
79
161
54
30
-20
38
63
54
-780
-3
193
13
12
-67
9
260
16
-11
19
-1
45
159
-8
23
0
1
-18
-25
29
-4
97
-1036
-34
290
-809
21
10
17
183
44
-13
27
14
-5
0
29
3
38
119
15
-80
-12
-29
-786
32
57
-828
31
37
-54
53
4
33
45
20
40
60
-1205
75
87
25
90
178
111
-187
-69
21
119
15
-296
17
-18
-779
-28
-13
5
69
5
4
-94
114
-63
71
-889
16
-134
107
1
54
-175
437
1
77
2
10
56
66
68
4
-113
1
1
32
-765
99
118
-43
133
6
-55
12
2
17
-13
70
212
-2
10
401
2
167
-14
-6
-29
32
3
114
-6
170
16
67
6
28
-11
-7
22
0
83
28
728
19
-24
-186
54
137
8
-12
30
-23
45
166
2
2
-7
1
49
240
62
-19
95
-3
-16
31
6
73
-94
55
48
0
79
8
5
1
40
-121
25
-230
29
14
25
139
7
-87
-23
5
-144
-24
26
2
13
-58
6
-9
15
-1
-41
11
155
-771
1
10
-3
17
43
3
90
37
-774
16
-88
1
-123
-84
0
38
529
-130
12
23
53
26
6
79
80
-63
37
32
-18
-53
-8
89
104
12
35
107
20
102
-102
-1057
73
-158
67
79
-25
-23
113
-132
180
90
138
-84
21
42
107
0
39
11
-29
-6
22
8
229
2
9
-13
113
36
27
-7
-134
7
57
1
199
152
-153
-166
7
-4
72
-39
48
41
3
145
5
40
4
0
28
-118
92
9
65
35
58
-293
-54
10
10
-88
-50
-41
30
54
-14
-76
2
23
29
0
66
49
-4
469
-8
227
8
88
-1143
96
2
3
38
-14
23
-155
14
191
3
-60
-51
-42
-2
5
8
-116
0
17
-124
46
-510
31
17
17
12
3
-45
-10
44
28
2
52
29
-68
45
7
115
58
14
-16
-112
24
120
20
-9
38
0
15
-26
-8
101
27
129
-6
134
10
69
-136
35
10
-146
-22
-1
15
-16
-31
-98
360
160
17
18
37
34
-31
-63
13
3
42
43
70
-5
17
0
61
68
58
3
1
41
0
-486
3
74
70
235
-30
5
-12
3
55
14
51
524
19
51
0
47
47
-41
57
84
76
19
122
63
-6
2
28
-129
74
47
-8
-117
122
-110
51
501
83
5
-20
35
6
82
13
22
24
-5
96
3
60
88
-27
65
25
95
-6
244
-1
72
-151
17
7
-16
-34
-32
93
-31
20
653
35
13
-1
10
7
96
203
106
34
34
78
-2
-13
314
-9
-24
-94
402
-10
53
-11
44
-5
163
80
28
-50
-45
5
-220
31
20
-167
15
10
27
21
24
-168
-19
-196
-694
-51
19
-2
165
44
13
112
-14
92
48
13
-27
84
-28
10
-93
172
-248
33
-709
-11
1
9
-9
5
6
66
64
84
182
19
38
13
-238
-2
16
-14
-55
3
3
48
7
81
26
-27
6
0
29
280
96
7
-217
47
53
46
-53
50
-502
91
-130
-202
1
31
-16
-106
5
4
-48
-13
58
1
41
-218
78
700
87
23
60
-274
-10
133
-75
88
28
-18
-190
36
-102
178
8
248
21
52
129
-3
-1127
111
23
-43
13
33
8
6
15
-742
7
-13
42
70
-17
31
-52
41
-105
-33
2
50
139
29
-26
3
30
72
13
23
65
0
71
27
11
-5
-123
-108
4
-52
18
1
8
159
-255
150
359
-23
-155
17
52
2
113
19
119
15
-380
-49
-17
23
14
17
-9
-194
89
-769
46
13
7
-10
-7
78
-4
1
-65
18
62
-207
4
40
29
19
221
126
90
21
-32
-102
10
-35
23
16
34
1
6
39
74
72
45
-160
13
-3
98
103
158
-140
24
14
3
16
64
13
-956
66
-16
26
35
147
-18
28
34
38
358
19
-762
297
-485
78
-28
8
-27
-3
53
4
-96
7
-18
-51
123
74
8
-5
2
-41
123
21
8
13
56
42
8
39
48
19
8
0
-101
45
41
21
6
274
-5
4
140
-2
38
161
40
-17
-69
21
263
5
72
60
68
-19
6
-92
-19
56
4
291
-15
-3
-240
57
34
-16
30
55
75
-165
0
45
138
-138
-45
-8
88
57
70
319
70
-86
-1
35
112
16
-28
-17
116
-53
-5
-22
-53
1
43
115
64
171
-24
-59
44
18
-47
19
-5
153
-5
47
54
-11
55
-28
40
39
72
-752
58
73
16
21
-80
38
-8
19
-66
63
3
27
25
128
-12
-4
94
6
48
75
133
134
119
-114
-31
88
-74
-128
18
94
19
32
25
-57
0
-83
61
8
2
50
9
16
11
48
99
-20
50
-10
59
46
1
-11
54
-180
11
-7
75
51
78
86
-10
37
-491
4
37
-167
-837
-9
15
-18
-3
24
41
-107
-414
-32
284
12
7
134
-117
297
35
-9
54
2
7
22
24
-29
21
12
78
-153
169
-51
8
4
-750
15
63
31
52
57
6
-25
-19
-14
-284
-23
217
25
2
22
19
76
61
-15
169
29
-92
25
120
-6
121
21
19
-61
174
22
41
25
-844
27
20
-31
64
166
137
135
-16
15
72
245
-3
-4
7
-19
-3
23
-122
10
-63
-94
1
-1
15
36
27
17
-14
11
-2
507
5
28
25
-86
-16
69
459
-29
2
12
3
54
110
62
-268
169
3
62
127
-1
84
53
-39
154
0
-58
59
129
16
173
-42
10
-342
5
54
3
-1
4
-665
-105
0
139
59
17
20
726
2
6
93
282
4
2
6
19
-10
75
129
29
120
44
-242
-5
7
-11
10
1
13
72
2
8
-79
111
-6
38
-7
-24
53
-44
-8
-6
-47
-261
-12
24
162
7
-12
-243
17
-782
-607
-84
-818
19
15
-59
-715
7
175
128
0
42
24
29
108
24
-4
-62
4
-7
7
245
135
-1146
60
27
102
9
56
2
31
14
-262
3
0
36
4
8
-2
31
27
4
20
75
58
-9
51
65
-79
-3
27
3
38
3
-204
129
192
-26
7
139
-141
-265
77
-8
100
62
-121
103
35
27
3
4
-224
-4
210
-153
-30
-38
-32
33
26
-167
100
6
-18
49
150
10
-139
114
-52
-13
-3
-9
-1
-28
-2
-13
1
118
16
166
-152
-21
67
26
15
60
88
4
7
208
-356
-7
-17
-42
23
13
-64
2
-21
-31
40
399
-28
85
29
6
5
15
52
67
201
217
-68
-29
-402
93
-13
77
-129
6
36
370
54
60
40
73
-72
-43
-22
22
24
14
133
57
225
35
3
47
2
24
144
21
-4
9
34
-447
43
-28
-11
3
79
36
35
55
82
315
130
224
-47
164
179
-156
13
65
-8
-35
-21
3
67
-24
46
354
-360
20
37
122
42
-7
-20
-88
2
12
74
1
12
-56
-10
5
3
-64
16
-136
25
-47
7
2
1
103
-315
19
24
61
-6
-194
-987
51
190
149
26
-39
-279
6
-48
147
18
-754
9
27
9
22
63
7
206
-609
32
-8
-282
44
-109
-17
33
-447
34
-214
-847
78
66
-42
31
57
15
21
-44
-49
112
-25
155
-32
69
214
1
-125
-51
40
14
-7
-2
57
-271
20
40
-341
-35
3
-65
-109
256
1
-25
-395
4
28
101
219
-36
2
-1182
9
91
80
-85
25
1
9
34
242
-119
46
81
7
-584
20
162
35
189
33
-166
12
48
24
65
14
-28
10
51
92
69
-18
-83
65
30
246
6
-10
36
-138
-168
102
291
218
212
42
-3
-139
-16
-30
148
30
5
-10
-106
-37
27
48
-1
40
56
-168
-44
-262
32
14
4
-3
6
112
17
68
12
8
-399
11
-10
-129
54
177
-34
112
54
17
50
357
45
17
1
-104
-10
78
47
86
47
12
-2
36
-44
19
22
67
-1120
-33
43
-13
-10
-223
24
94
9
2
-45
23
14
11
22
18
0
38
-9
8
-12
4
219
64
-13
1
96
101
-29
219
-3
7
-173
-172
186
178
24
3
-1
61
-170
89
398
-98
2
-21
141
33
-1
129
6
-279
6
34
3
73
-4
24
-34
27
-62
314
9
56
187
32
-64
-2
15
50
-7
-8
77
150
-74
162
181
8
-129
-313
-56
-7
11
-182
8
-9
258
-13
-44
-146
47
16
-23
-70
32
-45
-4
9
-1
29
82
-38
146
4
234
-23
103
-99
54
156
-100
98
-573
16
14
-28
17
36
83
-1
1
-216
5
9
1
15
-698
6
0
100
14
62
-1163
639
21
170
4
45
-255
35
357
21
-186
45
5
6
-131
-49
-132
137
99
-2
36
133
-28
65
-8
69
72
3
-222
39
67
36
92
-112
-152
61
7
19
3
22
-5
257
100
92
31
-24
-34
1
-20
13
-774
1
54
21
-53
90
-262
-52
3
2
-12
44
4
-59
62
65
58
53
-67
29
-4
63
19
162
15
64
57
19
-32
-725
432
186
204
30
44
0
234
94
-66
-116
40
16
-18
37
154
4
-4
109
4
27
16
-13
-46
60
41
19
10
65
49
1
-71
-39
-15
15
-16
-3
5
20
21
17
-4
-87
52
17
56
3
-78
21
67
-371
3
-76
5
62
15
-160
31
-184
10
-30
61
-6
100
46
-78
-63
-30
1
102
24
-73
2
115
-6
469
64
180
-118
139
-44
22
-98
-12
-23
561
-4
119
-335
9
-29
20
13
2
2
103
62
168
22
295
67
89
-5
-7
-71
44
-25
-16
-301
24
4
2
8
-3
15
5
80
-2
-41
91
67
24
214
63
6
-115
72
-1168
116
-23
-123
12
-31
88
3
1
143
89
-178
8
-210
11
16
3
-72
-51
0
161
18
-16
86
81
1
-161
18
-1
51
-13
37
-4
22
-1
172
48
-8
-4
56
-3
3
-173
20
3
21
34
315
25
34
122
-142
4
60
60
8
-32
-7
4
35
202
-1
1
-288
-16
2
-25
15
15
13
71
327
32
-3
216
186
10
221
20
14
-1
11
1
-9
-42
120
140
33
146
13
89
-70
86
-51
64
50
166
38
89
24
8
8
-366
91
6
-150
21
62
-122
16
-364
157
6
6
76
71
7
-8
21
100
42
170
321
-99
7
-52
-104
-3
43
-42
70
-36
7
7
40
-4
-4
-68
-20
4
-16
20
60
-6
-344
-46
398
-23
56
46
-30
9
4
23
-1
-14
34
-9
16
-578
-403
-10
-156
-67
79
14
-152
19
22
36
36
121
4
153
-65
-30
6
-204
-16
78
-195
262
-234
157
19
32
2
-16
55
-12
9
-15
-10
45
22
-58
-91
97
45
-94
-103
15
4
130
188
23
114
-3
3
137
-284
-28
0
-162
2
24
21
-7
182
-25
50
23
17
7
182
6
19
-21
45
40
-212
143
143
17
-257
-42
-32
6
14
6
136
47
39
-3
30
39
3
41
22
7
173
15
41
-12
68
-4
360
-2
90
-10
34
14
9
-12
39
-94
-72
22
22
22
41
-203
148
-186
18
137
39
94
25
2
-136
152
13
-176
29
15
-68
-111
8
-558
5
158
-215
-41
16
-107
10
68
5
98
4
1
34
3
-1155
-5
12
129
13
8
-4
11
-185
200
35
13
29
2
63
-1143
-14
74
3
13
11
169
-32
3
-70
13
84
52
96
-81
-77
206
57
41
-189
8
24
214
0
37
0
15
-161
21
-40
-313
6
45
-8
29
7
-367
10
26
2
81
81
397
58
13
-85
19
-680
-6
2
-60
1
-30
20
174
-331
27
-52
56
21
4
-8
3
-543
32
1
69
15
78
419
-30
31
212
-150
-37
2
-781
-127
29
2
0
20
42
-119
-264
13
-53
3
69
7
19
24
31
12
42
48
-5
-147
133
28
12
31
-3
56
-151
13
3
4
91
44
16
41
40
766
4
65
-16
-6
19
31
-22
38
1
2
114
11
-189
23
23
2
14
-25
9
-141
7
15
-46
36
39
30
-223
2
-221
1
17
12
20
0
144
37
63
59
-245
-57
-7
61
-25
-49
-4
7
39
0
7
-37
20
-89
14
-395
67
15
210
1
-373
51
7
-383
-16
62
93
124
92
2
-24
6
94
34
131
-1
-8
-55
209
-2
21
31
-23
8
1
403
-37
248
2
-12
92
-177
-134
-253
12
51
5
67
1
-24
7
82
12
632
1
48
23
20
-230
0
22
-614
65
6
117
-803
32
61
0
64
34
70
60
20
2
136
3
1
-162
9
180
-33
-67
66
2
219
-589
0
-783
88
133
288
24
-744
132
111
18
2
35
-41
-40
73
25
39
52
255
11
4
113
140
14
5
45
-14
10
84
41
144
21
-106
22
35
100
43
128
5
75
3
7
35
21
-124
55
-75
-186
10
-1
8
16
12
-78
62
31
43
26
82
11
-6
-19
0
0
63
80
327
-26
-41
93
49
55
32
-165
141
-1
40
-574
-183
-126
26
-1
20
62
38
25
-49
196
35
-19
10
-53
-6
121
29
-247
21
12
-32
-60
0
7
-1
-355
33
20
47
82
-13
16
55
-45
25
-69
335
124
15
-33
42
-15
196
54
-209
-2
259
34
-11
-129
16
260
-339
92
-11
-53
-128
5
445
1
-1
-171
-26
-305
-1
42
20
20
-63
56
80
37
-89
86
44
-6
9
83
-714
-61
32
8
-82
24
0
-229
64
159
116
22
-147
84
37
18
-730
93
87
-87
-11
1
49
65
97
250
51
15
-12
34
-62
31
48
-6
-704
-237
7
70
260
131
20
-104
31
60
8
17
21
2
11
57
2
4
92
42
4
63
-19
131
-2
16
15
4
3
3
48
-10
1
6
0
16
129
17
33
-4
53
7
291
49
37
-52
17
-184
12
52
-19
87
-526
-383
19
97
212
31
152
4
68
34
-19
110
0
34
-116
7
167
42
7
-5
175
3
40
11
133
302
-5
-34
37
-5
88
237
39
25
24
-256
-138
434
41
-117
-195
102
145
26
19
15
50
-107
393
27
1
41
6
18
391
44
3
23
73
-63
-2
-351
-12
35
477
-24
62
137
43
27
-37
48
-243
-23
87
19
5
-305
95
-39
-641
55
-106
189
107
116
18
9
11
6
10
9
-40
1
8
271
-282
8
-4
-4
86
-69
-49
174
38
47
-83
183
5
185
2
5
28
33
-3
7
-2
66
0
8
10
16
51
36
37
29
11
-258
0
66
2
91
23
54
-55
135
11
2
52
-11
4
7
3
39
125
10
-11
4
-65
5
7
5
-12
15
-1234
-1
36
-11
53
-4
58
11
13
5
-30
-342
26
56
3
-6
-6
10
-95
2
24
84
302
4
0
3
16
118
9
1
11
28
87
-44
118
23
-21
46
46
45
-7
-40
7
164
27
10
-18
23
239
5
-8
-11
10
0
12
-3
36
6
6
-26
60
69
4
3
-5
25
-41
-9
-167
195
-263
15
66
78
0
-122
48
-96
93
69
12
77
15
78
0
6
-29
28
179
-116
122
105
-4
15
-10
-54
-36
-295
85
-8
-15
9
16
17
-21
-573
11
-297
1
7
77
-17
47
7
-12
44
4
3
-98
157
9
4
29
16
20
653
157
10
136
14
15
20
2
-19
118
73
9
11
-59
-21
98
-10
-78
-51
-5
166
-65
141
13
-9
59
8
63
-119
-7
17
-271
6
30
9
161
-153
37
110
207
3
10
24
12
-232
-50
296
58
-120
43
-122
76
371
108
2
-17
-132
-2
-175
6
-139
19
59
26
-1255
-20
9
-1
-80
-59
46
73
-79
-25
0
159
-10
77
31
-106
-10
432
77
32
-2
-68
-122
-18
5
-34
-7
65
70
-6
99
9
-6
221
-95
34
-194
8
-4
134
11
-19
10
47
539
-4
13
-386
19
15
192
1
0
-4
25
2
2
45
3
89
9
33
40
40
-29
-70
8
-22
40
67
66
-55
-104
44
-22
176
-21
-1
-859
162
3
376
-7
77
-82
17
-77
7
25
23
101
116
-232
-130
-4
264
93
-34
18
-12
197
-296
-4
-2
13
12
254
157
49
26
10
37
18
105
17
-280
157
-85
-147
28
62
4
11
-7
143
16
204
-51
-5
-5
-1
33
2
67
21
-1
21
-41
1
-122
7
5
31
6
21
36
74
-21
-6
31
-1
115
42
-49
9
2
110
53
-8
-12
11
-144
-214
2
2
-20
36
9
-18
15
-871
10
-227
41
-762
84
-154
-271
17
63
19
-211
-136
24
-1164
-5
1
0
-11
15
1
9
-15
34
131
23
15
0
41
-23
-22
64
51
21
178
-4
-8
116
76
-194
518
83
38
31
44
22
27
101
60
67
-48
162
91
-248
12
120
-67
20
96
355
33
-62
14
-157
43
-771
88
91
17
45
0
-30
16
119
29
-31
12
14
48
63
16
62
8
-42
-93
23
224
-48
-68
3
138
19
25
83
-15
93
53
18
52
22
149
25
-137
26
5
33
82
-63
56
32
8
3
-2
59
18
83
174
56
35
-118
-14
-20
