
 read n finished    operate time: 25.00ms 

 read m finished    operate time: 1142.00ms 
22320 7
22321 2
22323 9
22327 6
22328 4
22330 3
22338 1
22341 6
22345 3
22350 8
22355 4
22360 5
22361 2
22362 3
22367 4
22371 4
22375 7
22377 4
22378 3
22379 3
22380 7
22381 3
22392 4
22402 2
22406 3
22409 7
22415 4
22417 9
22424 6
22430 15
22433 2
22446 2
22447 3
22455 5
22456 5
22457 5
22459 6
22462 9
22464 6
22470 6
22472 2
22482 6
22486 4
22493 8
22495 11
22505 4
22506 1
22508 4
22511 9
22514 8
22516 5
22519 2
22520 6
22526 6
22540 6
22541 5
22547 3
22554 5
22556 23
22557 6
22558 5
22560 4
22575 7
22588 6
22592 4
22595 6
22600 2
22603 12
22610 3
22616 9
22618 3
22619 5
22629 4
22634 3
22640 5
22642 3
22644 9
22645 11
22646 4
22651 6
22653 3
22659 2
22660 5
22662 8
22670 5
22676 3
22677 4
22679 3
22689 4
22690 5
22691 9
22692 5
22697 4
22698 4
22703 2
22707 9
22711 5
22713 3
22714 11
22716 3
22721 6
22724 6
22733 3
22734 5
22735 5
22739 3
22742 8
22746 5
22754 3
22755 17
22759 7
22761 6
22764 9
22770 4
22776 7
22782 3
22787 14
22788 12
22790 12
22793 7
22799 4
22800 6
22806 5
22812 4
22819 6
22821 5
22826 3
22830 2
22831 8
22832 4
22837 6
22859 3
22863 5
22872 7
22877 6
22878 6
22879 9
22895 3
22910 5
22912 3
22916 7
22918 10
22921 5
22926 6
22928 8
22931 6
22932 6
22933 5
22936 5
22938 4
22941 2
22944 3
22952 3
22953 11
22956 5
22957 7
22965 2
22966 3
22969 3
22976 3
22982 11
22986 2
22990 4
22997 3
22999 4
23009 5
23016 5
23017 6
23022 7
23024 4
23025 3
23028 4
23030 14
23031 5
23033 5
23038 6
23044 7
23056 5
23063 5
23072 4
23076 4
23077 7
23078 13
23080 4
23086 7
23088 7
23090 4
23092 9
23098 6
23100 13
23107 2
23109 12
23110 5
23123 3
23128 12
23140 4
23143 14
23155 12
23160 5
23161 6
23167 8
23172 7
23181 10
23186 4
23189 3
23190 9
23200 4
23201 5
23205 8
23215 7
23227 4
23228 3
23229 13
23234 4
23238 6
23239 10
23240 9
23242 4
23247 11
23248 2
23254 13
23257 6
23261 15
23267 2
23273 3
23275 2
23276 4
23277 4
23281 10
23282 3
23283 7
23287 1
23291 5
23294 2
23297 4
23300 8
23305 6
23308 6
23309 3
23314 2
23322 5
23326 6
23336 10
23337 3
23338 5
23346 13
23349 4
23350 5
23354 9
23356 4
23357 5
23358 6
23359 5
23360 7
23365 11
23372 8
23373 5
23375 4
23382 7
23388 16
23389 10
23390 7
23393 2
23396 8
23397 10
23402 7
23403 9
23404 5
23408 6
23410 6
23412 4
23414 7
23416 2
23430 6
23431 6
23433 10
23439 4
23443 4
23445 5
23451 3
23460 8
23463 5
23464 8
23465 6
23472 3
23473 5
23474 12
23478 3
23486 5
23488 2
23490 8
23498 3
23500 4
23502 4
23503 1
23505 2
23511 6
23512 5
23513 2
23515 11
23516 2
23522 1
23523 5
23526 2
23527 5
23529 1
23535 5
23537 5
23539 8
23546 8
23549 5
23553 6
23555 4
23556 5
23571 7
23575 6
23583 7
23584 1
23594 6
23598 3
23602 3
23608 5
23609 3
23616 10
23617 17
23619 5
23620 5
23621 7
23622 16
23628 4
23629 7
23632 7
23636 4
23640 8
23648 1
23651 4
23654 3
23656 4
23659 2
23670 2
23677 5
23678 6
23683 14
23686 3
23695 4
23700 5
23701 8
23712 3
23718 11
23720 6
23726 7
23730 3
23739 7
23744 4
23745 9
23747 3
23749 3
23753 7
23754 2
23760 3
23762 3
23768 12
23780 6
23789 12
23790 6
23793 5
23800 3
23805 5
23809 5
23811 9
23821 4
23824 8
23830 5
23834 6
23838 8
23840 4
23842 5
23844 5
23845 7
23846 6
23847 5
23848 7
23856 6
23859 4
23862 11
23864 3
23866 6
23870 2
23873 4
23878 11
23879 8
23884 8
23886 5
23891 9
23896 2
23897 7
23901 5
23902 5
23904 7
23906 4
23913 4
23915 6
23916 5
23917 7
23918 9
23919 10
23924 12
23929 2
23930 4
23938 3
23939 15
23940 6
23942 5
23952 5
23953 4
23954 7
23956 5
23962 6
23966 4
23968 2
23970 3
23983 8
23984 3
23998 13
24006 8
24009 2
24012 5
24016 6
24020 4
24024 1
24034 4
24039 8
24043 8
24050 6
24054 7
24055 1
24056 2
24061 6
24067 5
24068 7
24071 9
24073 3
24077 2
24084 2
24092 4
24099 8
24101 5
24104 8
24108 6
24114 7
24117 9
24118 6
24121 8
24124 7
24131 8
24141 2
24143 6
24159 1
24160 9
24161 6
24168 3
24173 4
24183 6
24184 6
24190 7
24192 7
24206 3
24209 5
24215 9
24223 7
24225 4
24230 1
24232 2
24234 4
24238 10
24239 4
24244 5
24245 4
24246 9
24256 7
24258 13
24263 12
24270 4
24274 6
24279 3
24283 6
24286 5
24294 2
24308 6
24312 3
24326 4
24339 8
24340 8
24347 7
24350 4
24360 3
24364 5
24372 5
24376 9
24382 10
24383 3
24384 7
24393 5
24396 5
24397 4
24411 3
24416 6
24417 8
24423 4
24424 6
24426 14
24428 9
24435 5
24438 7
24444 2
24445 6
24450 11
24451 5
24452 3
24456 6
24464 6
24466 6
24472 5
24475 5
24480 11
24483 4
24485 2
24486 3
24488 4
24491 7
24494 4
24495 4
24501 6
24506 5
24509 7
24514 3
24522 6
24526 6
24529 9
24531 6
24532 3
24539 4
24544 4
24546 9
24550 5
24552 7
24556 2
24568 1
24572 2
24573 4
24582 4
24583 5
24585 18
24588 12
24590 5
24595 4
24603 6
24623 4
24624 7
24629 2
24630 7
24635 3
24640 6
24643 6
24644 6
24648 6
24658 8
24659 5
24664 6
24676 5
24680 6
24686 4
24687 6
24691 6
24694 6
24699 3
24700 6
24702 4
24709 7
24710 9
24714 7
24715 5
24719 5
24723 7
24725 4
24731 3
24733 4
24739 5
24740 6
24746 2
24750 4
24756 5
24759 3
24761 4
24770 4
24773 5
24778 8
24783 6
24784 8
24785 2
24786 3
24787 5
24788 8
24790 1
24792 4
24794 2
24795 3
24797 9
24798 6
24799 6
24800 11
24803 5
24811 2
24813 7
24820 5
24831 6
24833 5
24834 6
24846 2
24849 3
24856 15
24870 3
24871 6
24875 8
24876 4
24879 1
24883 5
24884 2
24885 3
24886 3
24891 9
24903 3
24904 4
24905 4
24908 6
24910 8
24913 4
24914 6
24917 4
24925 4
24926 3
24933 5
24935 4
24939 3
24940 6
24943 3
24951 8
24954 3
24963 6
24966 3
24967 2
24968 13
24970 3
24971 3
24976 4
24985 8
24986 4
24988 8
24989 7
24993 5
24998 4
25001 2
25006 8
25009 3
25021 8
25024 5
25028 5
25030 9
25032 9
25033 2
25039 1
25043 5
25044 5
25047 8
25054 8
25055 1
25060 10
25064 5
25070 2
25071 3
25075 4
25077 2
25078 15
25081 4
25084 7
25085 7
25090 5
25093 9
25107 9
25111 2
25112 5
25113 3
25116 6
25117 8
25125 6
25131 4
25135 19
25139 6
25142 4
25146 6
25155 6
25160 3
25163 6
25164 3
25166 8
25175 4
25176 4
25181 17
25196 4
25207 3
25208 9
25211 8
25216 12
25223 1
25231 3
25235 6
25241 5
25249 3
25251 2
25253 8
25255 7
25258 8
25260 5
25262 7
25263 8
25266 6
25269 2
25278 12
25279 8
25281 7
25282 11
25292 4
25293 4
25294 8
25295 4
25299 5
25302 4
25304 9
25309 2
25312 3
25313 1
25316 3
25329 4
25340 5
25349 14
25352 3
25355 9
25362 3
25367 6
25370 8
25377 4
25386 4
25387 5
25388 7
25390 4
25393 6
25394 5
25398 4
25399 10
25410 6
25411 2
25418 8
25420 7
25421 7
25422 8
25423 5
25429 9
25438 6
25440 4
25441 7
25442 7
25446 4
25449 5
25453 7
25454 2
25459 6
25466 2
25470 3
25472 2
25475 8
25476 7
25483 3
25485 11
25490 8
25497 4
25502 10
25507 4
25510 12
25514 1
25515 2
25519 7
25520 6
25529 5
25538 10
25542 5
25543 8
25544 6
25546 7
25551 3
25554 7
25558 7
25562 4
25566 14
25580 4
25581 6
25590 2
25591 3
25594 5
25596 2
25598 4
25601 3
25605 6
25606 10
25610 4
25612 2
25615 4
25621 2
25630 4
25637 2
25639 7
25645 4
25647 8
25651 7
25653 3
25654 13
25657 3
25659 7
25660 6
25666 4
25669 8
25672 7
25679 7
25686 3
25696 6
25700 8
25706 3
25723 4
25725 6
25729 4
25738 4
25746 3
25747 9
25756 7
25762 6
25763 3
25768 7
25771 8
25780 6
25781 7
25782 3
25783 7
25784 5
25789 6
25791 1
25795 13
25802 9
25806 5
25807 8
25813 1
25818 4
25819 3
25827 8
25829 3
25835 5
25857 9
25859 15
25867 6
25868 5
25875 4
25878 4
25888 7
25892 9
25895 1
25902 9
25904 5
25908 4
25911 2
25913 9
25916 3
25917 7
25919 5
25927 6
25931 6
25933 3
25935 3
25937 5
25941 7
25942 4
25944 6
25952 9
25953 4
25959 4
25972 10
25979 5
25980 10
25997 5
26005 5
26022 5
26025 3
26030 2
26032 8
26033 8
26039 2
26041 8
26042 4
26049 6
26050 4
26051 1
26052 9
26058 15
26059 3
26060 2
26064 4
26069 8
26071 6
26072 3
26074 7
26076 2
26077 12
26087 11
26095 3
26097 19
26098 7
26109 4
26111 8
26112 5
26115 5
26118 4
26119 3
26133 3
26135 6
26138 6
26139 3
26149 3
26155 8
26159 3
26160 6
26180 4
26182 10
26187 6
26189 14
26190 4
26193 3
26194 6
26198 7
26199 8
26212 7
26215 2
26216 5
26217 5
26218 6
26222 4
26223 5
26227 6
26230 9
26237 6
26240 4
26245 4
26247 6
26248 6
26252 15
26259 6
26261 7
26264 6
26271 6
26272 7
26278 4
26280 4
26281 5
26283 7
26290 2
26291 5
26292 2
26300 5
26305 5
26308 4
26309 1
26312 13
26314 5
26318 7
26340 5
26343 4
26346 13
26348 5
26354 7
26355 7
26358 11
26360 1
26361 6
26363 5
26364 5
26367 9
26382 4
26385 4
26386 3
26390 8
26392 4
26393 3
26397 4
26407 4
26410 3
26412 4
26418 5
26423 3
26431 7
26432 8
26433 8
26434 5
26435 5
26436 6
26437 7
26443 3
26446 6
26447 4
26452 2
26457 8
26464 2
26473 9
26480 8
26482 8
26485 5
26493 2
26494 7
26513 9
26515 6
26516 3
26519 3
26522 8
26527 7
26529 9
26530 6
26535 9
26537 11
26540 12
26541 8
26561 4
26562 4
26564 3
26565 16
26566 3
26570 8
26574 9
26575 5
26577 4
26583 4
26584 7
26589 10
26603 4
26604 3
26611 5
26617 5
26618 4
26620 3
26626 3
26631 4
26643 4
26646 5
26652 3
26653 7
26654 5
26657 11
26661 1
26667 3
26671 3
26673 14
26674 5
26677 4
26681 7
26682 13
26683 2
26684 6
26685 6
26691 5
26695 3
26698 4
26703 4
26708 6
26711 3
26713 2
26714 3
26723 10
26724 9
26731 4
26733 17
26734 13
26739 5
26742 7
26746 3
26749 5
26752 9
26755 4
26761 2
26768 8
26771 5
26772 3
26786 5
26787 5
26788 7
26806 9
26811 10
26815 15
26821 7
26828 5
26833 4
26834 8
26840 7
26842 6
26854 4
26858 4
26862 4
26874 7
26883 1
26903 6
26906 8
26907 1
26918 4
26923 6
26927 6
26929 4
26934 7
26941 5
26943 5
26945 6
26947 9
26955 2
26961 4
26967 6
26976 5
26978 4
26983 7
26986 6
26989 10
26990 5
26994 3
26996 9
26999 12
27004 7
27005 5
27007 7
27010 2
27014 7
27021 8
27022 4
27027 1
27028 8
27034 9
27035 6
27038 7
27055 7
27057 8
27059 12
27061 4
27062 1
27064 4
27070 4
27080 9
27081 14
27082 2
27087 6
27093 9
27096 7
27097 3
27103 5
27106 1
27107 7
27108 3
27120 3
27126 7
27127 3
27129 3
27136 8
27139 5
27142 9
27145 4
27149 8
27150 3
27163 8
27172 7
27174 5
27181 6
27182 6
27190 7
27191 7
27192 10
27193 3
27194 8
27214 6
27227 2
27228 4
27229 7
27237 5
27238 13
27239 8
27247 13
27249 4
27250 7
27259 10
27262 12
27263 6
27265 3
27267 5
27269 1
27279 5
27283 7
27284 10
27288 5
27300 11
27301 12
27305 5
27308 6
27310 6
27313 5
27322 7
27323 3
27328 6
27329 4
27330 5
27332 3
27333 5
27334 6
27337 3
27338 4
27340 3
27350 13
27352 13
27355 12
27362 6
27366 4
27370 3
27377 4
27378 7
27382 4
27387 1
27392 6
27396 7
27398 4
27401 9
27403 3
27404 5
27405 7
27408 4
27415 6
27418 6
27419 9
27424 4
27429 5
27433 4
27438 4
27455 8
27457 3
27476 3
27477 5
27479 3
27480 4
27482 6
27489 6
27494 6
27496 6
27499 2
27503 3
27506 3
27508 8
27510 4
27513 4
27514 4
27530 4
27531 7
27533 3
27536 3
27537 6
27543 3
27547 5
27550 1
27555 8
27558 7
27562 4
27563 7
27564 9
27570 1
27573 7
27576 7
27589 5
27590 6
27594 7
27602 3
27607 4
27608 3
27611 2
27614 8
27619 4
27624 5
27625 3
27626 6
27628 6
27630 3
27631 5
27632 4
27635 2
27638 21
27640 13
27641 10
27647 7
27651 5
27652 14
27655 7
27656 4
27660 7
27661 3
27667 3
27675 3
27687 7
27688 9
27689 4
27701 5
27704 2
27706 3
27707 6
27709 1
27711 4
27712 1
27715 3
27717 5
27723 9
27724 10
27728 5
27736 3
27737 7
27739 6
27741 3
27747 16
27752 7
27753 6
27758 3
27761 9
27762 13
27768 8
27769 6
27775 5
27777 4
27784 3
27786 10
27788 6
27793 3
27796 2
27807 12
27810 5
27811 2
27814 9
27823 4
27824 5
27827 10
27828 9
27830 4
27832 6
27841 6
27850 3
27853 5
27854 3
27856 6
27859 8
27861 4
27871 2
27874 6
27877 5
27878 8
27883 7
27890 8
27894 5
27896 5
27897 5
27903 8
27906 7
27908 2
27920 16
27921 7
27923 3
27929 3
27936 6
27939 13
27941 4
27942 4
27947 11
27952 5
27953 3
27954 3
27955 5
27957 16
27959 9
27962 9
27965 9
27966 9
27970 5
27971 15
27974 3
27977 6
27980 3
27981 3
27983 9
27989 5
27990 10
27997 8
28003 1
28015 5
28024 3
28026 2
28028 9
28036 5
28037 3
28040 5
28041 4
28046 4
28047 5
28050 8
28051 3
28054 2
28066 8
28078 6
28091 5
28111 5
28125 2
28128 5
28134 3
28140 3
28142 6
28149 5
28150 5
28152 6
28156 3
28158 7
28163 5
28173 5
28175 2
28178 5
28182 4
28185 5
28197 4
28201 7
28205 10
28217 10
28221 4
28222 13
28227 5
28228 1
28233 4
28236 19
28238 2
28249 5
28255 6
28259 5
28265 6
28266 14
28267 9
28268 8
28269 8
28272 2
28275 5
28279 12
28284 7
28286 5
28293 1
28295 5
28299 4
28301 7
28308 15
28313 3
28321 5
28330 9
28333 2
28338 1
28342 4
28358 4
28360 4
28363 5
28371 6
28372 5
28377 1
28381 9
28387 1
28395 3
28397 6
28398 5
28405 4
28411 4
28412 7
28416 2
28417 4
28418 5
28419 2
28420 3
28422 10
28426 18
28427 5
28428 5
28429 3
28434 4
28440 4
28442 2
28443 5
28448 3
28455 9
28461 5
28462 4
28463 15
28468 3
28470 14
28473 6
28475 6
28477 13
28478 4
28495 7
28497 4
28505 4
28516 4
28522 5
28529 3
28533 3
28535 7
28542 5
28549 7
28558 7
28562 8
28564 6
28573 10
28577 17
28583 7
28587 3
28588 2
28596 4
28601 5
28610 3
28623 2
28626 5
28629 9
28630 3
28632 9
28638 4
28643 2
28644 5
28649 3
28651 4
28653 5
28657 4
28658 8
28659 4
28668 5
28675 2
28682 7
28683 5
28689 5
28690 6
28698 7
28707 8
28710 12
28717 2
28725 6
28730 3
28732 1
28734 5
28748 6
28749 6
28752 10
28754 8
28760 3
28763 3
28766 3
28778 7
28783 5
28786 3
28789 3
28792 15
28796 12
28802 4
28810 18
28817 9
28822 13
28833 2
28836 20
28837 4
28839 8
28841 9
28843 9
28849 7
28851 10
28855 8
28861 4
28864 3
28867 7
28872 8
28875 10
28876 9
28881 3
28884 10
28894 5
28897 10
28902 4
28903 1
28920 7
28922 4
28924 3
28931 4
28935 6
28937 5
28939 3
28944 5
28945 5
28953 4
28955 2
28956 2
28961 5
28966 7
28969 12
28970 10
28976 7
28978 13
28988 3
28989 3
28993 5
29002 2
29006 11
29009 2
29012 4
29014 3
29019 1
29022 5
29028 8
29033 4
29037 5
29045 5
29050 4
29055 8
29065 9
29072 4
29082 6
29083 4
29094 9
29098 9
29106 1
29109 6
29110 5
29111 5
29114 8
29116 3
29121 4
29125 7
29129 6
29130 9
29139 5
29140 8
29154 3
29158 9
29162 3
29167 10
29168 5
29171 3
29172 8
29178 6
29183 5
29185 7
29186 10
29190 5
29191 8
29199 1
29201 6
29206 14
29210 6
29219 6
29223 5
29226 4
29228 6
29233 8
29247 6
29251 3
29262 3
29265 8
29279 2
29284 5
29291 7
29292 3
29301 6
29302 6
29303 5
29304 2
29308 7
29318 2
29325 14
29329 6
29334 10
29336 1
29339 7
29343 7
29344 2
29346 6
29352 4
29354 8
29358 7
29359 5
29374 8
29377 4
29380 7
29383 15
29385 2
29386 6
29388 5
29389 9
29393 4
29394 5
29395 6
29397 6
29409 7
29411 1
29423 9
29430 3
29438 4
29440 8
29441 6
29446 6
29448 5
29450 5
29453 5
29463 9
29467 7
29469 4
29476 6
29480 3
29481 3
29482 7
29485 9
29488 10
29493 2
29495 9
29496 5
29498 7
29510 3
29515 6
29516 14
29517 4
29519 7
29521 7
29524 3
29526 3
29528 4
29531 4
29534 5
29542 2
29545 3
29546 5
29553 3
29556 1
29557 2
29560 6
29561 5
29562 6
29564 10
29575 4
29578 5
29581 3
29587 6
29592 6
29597 7
29602 10
29610 5
29616 5
29622 7
29623 6
29624 3
29629 11
29633 9
29638 2
29642 2
29644 3
29650 3
29652 12
29664 1
29670 11
29678 7
29684 9
29686 3
29691 5
29693 1
29695 6
29697 5
29700 4
29708 4
29710 4
29712 6
29720 8
29731 9
29733 4
29739 2
29740 6
29744 23
29747 2
29752 4
29757 6
29768 2
29774 5
29779 15
29780 3
29782 5
29783 6
29786 4
29788 13
29792 6
29796 7
29808 4
29811 13
29813 6
29814 2
29817 5
29823 5
29824 15
29832 2
29833 14
29834 5
29840 5
29844 3
29847 6
29849 8
29852 6
29860 9
29864 6
29865 3
29868 11
29876 7
29878 5
29881 5
29887 15
29893 5
29894 8
29902 3
29904 5
29906 6
29909 3
29912 7
29920 7
29929 11
29930 4
29932 3
29933 6
29934 3
29938 2
29941 7
29942 5
29945 6
29947 2
29951 4
29958 14
29959 7
29962 4
29966 6
29979 3
29980 3
29984 5
29990 3
30002 3
30003 2
30004 3
30005 13
30007 9
30008 4
30016 6
30018 8
30019 1
30022 6
30027 4
30029 8
30040 3
30042 6
30044 7
30046 7
30048 2
30049 1
30055 7
30058 7
30061 3
30064 5
30069 9
30074 4
30076 8
30078 5
30081 2
30085 8
30086 8
30089 1
30092 4
30106 9
30109 5
30120 6
30121 8
30123 4
30135 8
30136 2
30144 4
30164 10
30167 7
30168 6
30172 8
30174 6
30178 4
30183 5
30184 8
30193 5
30195 9
30196 5
30202 9
30203 5
30204 7
30207 4
30210 3
30215 6
30227 3
30230 2
30231 5
30238 6
30243 6
30246 6
30251 5
30254 2
30257 4
30258 3
30266 3
30279 9
30280 2
30281 10
30291 4
30294 5
30300 3
30302 10
30303 5
30304 6
30305 3
30312 22
30314 7
30321 10
30325 6
30327 7
30328 4
30337 5
30338 4
30344 6
30352 5
30354 4
30356 3
30360 4
30369 6
30374 1
30375 3
30376 4
30377 6
30380 9
30382 15
30383 4
30387 6
30392 10
30394 7
30402 6
30403 3
30411 3
30412 5
30413 5
30418 1
30422 4
30424 5
30426 5
30428 5
30432 8
30442 3
30451 3
30456 3
30460 5
30472 4
30474 4
30475 7
30479 4
30481 2
30487 5
30489 4
30500 8
30502 8
30503 4
30506 8
30507 6
30509 8
30510 9
30511 6
30514 9
30515 8
30517 1
30519 1
30524 6
30528 3
30530 5
30533 4
30537 1
30541 4
30549 6
30554 2
30555 11
30557 5
30560 4
30569 6
30577 4
30582 2
30588 6
30599 15
30600 6
30605 12
30607 2
30608 7
30609 2
30613 8
30615 5
30625 12
30629 5
30630 17
30631 5
30634 8
30638 4
30640 7
30650 2
30659 4
30663 20
30664 5
30666 3
30677 4
30679 8
30683 5
30685 2
30688 3
30693 5
30698 3
30709 1
30718 3
30719 12
30723 7
30744 2
30751 12
30752 6
30754 3
30761 5
30767 5
30771 6
30781 2
30787 6
30788 4
30789 5
30791 7
30792 7
30807 2
30808 6
30809 5
30810 4
30813 3
30814 3
30818 4
30819 5
30836 5
30837 13
30844 9
30847 5
30850 5
30864 4
30874 7
30875 6
30877 14
30881 5
30887 6
30888 6
30896 5
30904 6
30906 7
30910 5
30916 4
30917 7
30921 4
30923 6
30931 3
30935 4
30936 4
30956 5
30958 17
30959 7
30963 8
30964 6
30967 8
30973 2
30974 14
30977 5
30985 4
30987 7
30992 1
30996 2
30998 6
31007 8
31015 8
31017 10
31018 2
31019 7
31030 9
31037 7
31042 11
31044 14
31049 7
31058 2
31059 8
31069 3
31073 10
31075 5
31076 7
31081 2
31084 5
31086 7
31090 5
31093 5
31102 5
31104 8
31105 3
31111 3
31116 3
31118 17
31119 5
31125 8
31138 8
31145 14
31146 4
31149 12
31156 3
31159 5
31164 7
31165 1
31166 5
31170 4
31174 5
31183 5
31184 2
31185 2
31186 13
31197 2
31198 4
31199 5
31200 5
31210 6
31212 5
31214 10
31217 5
31221 6
31226 7
31227 2
31229 5
31231 5
31234 6
31241 4
31243 14
31253 6
31255 4
31277 2
31280 2
31281 6
31282 3
31285 2
31292 5
31293 3
31298 7
31303 2
31313 5
31314 4
31323 5
31326 17
31327 8
31328 6
31333 5
31336 3
31340 4
31341 7
31347 6
31353 9
31354 6
31355 6
31371 1
31376 9
31378 3
31379 4
31380 8
31383 2
31392 8
31396 7
31397 3
31402 3
31404 4
31407 4
31411 4
31419 10
31426 2
31433 3
31444 8
31446 6
31447 9
31448 6
31454 3
31459 3
31463 4
31465 6
31469 5
31475 5
31477 5
31481 2
31482 6
31483 2
31499 4
31504 4
31512 6
31514 5
31516 2
31527 9
31528 7
31533 9
31547 6
31548 8
31550 10
31551 7
31553 6
31554 6
31555 11
31556 6
31562 8
31563 9
31567 2
31571 6
31574 6
31583 6
31584 4
31591 4
31592 5
31594 2
31596 6
31598 2
31601 2
31607 4
31611 4
31622 8
31623 6
31625 4
31631 6
31648 8
31650 2
31654 13
31662 10
31663 4
31673 5
31676 8
31677 4
31679 5
31683 5
31685 2
31689 8
31699 4
31705 4
31706 4
31709 6
31712 6
31717 5
31724 10
31731 4
31734 7
31735 2
31739 4
31741 6
31744 21
31747 6
31749 12
31750 3
31753 9
31755 2
31757 5
31759 7
31769 9
31771 6
31779 3
31783 4
31787 4
31789 4
31791 7
31800 3
31806 3
31808 9
31811 4
31813 6
31814 10
31818 4
31821 7
31828 4
31839 2
31841 5
31848 9
31858 9
31863 2
31878 10
31891 3
31903 5
31904 7
31911 9
31917 4
31918 7
31921 7
31934 9
31936 6
31940 4
31944 3
31948 8
31951 8
31956 10
31968 4
31969 14
31977 6
31979 6
31986 6
31989 3
32000 5
32001 7
32002 8
32006 3
32011 5
32018 4
32024 11
32037 5
32040 6
32043 2
32048 4
32050 4
32051 3
32052 3
32055 2
32057 2
32074 6
32081 5
32095 8
32110 9
32112 3
32114 7
32116 4
32117 13
32118 5
32119 4
32139 3
32143 4
32144 2
32146 6
32149 6
32158 5
32160 6
32167 2
32172 4
32174 4
32178 4
32179 6
32183 8
32196 3
32201 3
32208 5
32212 1
32214 2
32228 6
32232 8
32233 4
32236 2
32238 20
32250 3
32255 10
32260 5
32262 4
32276 7
32277 4
32282 3
32283 4
32286 4
32292 4
32295 4
32297 8
32303 9
32308 5
32311 6
32316 4
32319 4
32321 7
32325 1
32331 6
32334 5
32339 8
32347 5
32348 3
32349 7
32350 3
32351 11
32352 5
32354 6
32359 2
32362 2
32366 5
32369 7
32371 4
32377 7
32382 8
32387 4
32395 5
32401 4
32411 9
32417 9
32419 11
32420 15
32425 3
32427 6
32428 5
32440 6
32441 6
32447 4
32450 6
32454 6
32465 5
32467 16
32473 2
32475 5
32484 9
32491 3
32492 6
32494 5
32495 6
32499 15
32507 7
32512 10
32513 4
32515 5
32516 2
32520 6
32524 9
32527 12
32531 4
32543 9
32545 6
32546 3
32547 6
32551 4
32552 3
32556 5
32565 8
32567 2
32571 13
32573 3
32576 4
32578 7
32582 10
32591 15
32593 7
32594 6
32596 3
32611 3
32613 5
32614 5
32625 2
32630 9
32632 2
32638 4
32642 6
32654 5
32661 4
32662 4
32664 5
32670 9
32673 8
32680 3
32692 6
32693 4
32695 8
32697 2
32704 12
32707 3
32712 4
32721 3
32732 5
32740 2
32744 6
32748 2
32755 1
32759 6
424768 8
1617660 8
2265085 2
3543239 1
3614208 2
4554934 7
7361295 6
7622105 6
7661948 6
8258519 2
8313108 6
10048890 5
10338214 1
12470521 4
13512260 7
14526670 6
15262202 4
15936525 3
16306193 1
16464330 6
16511583 5
17167166 2
17469495 1
17645951 5
18915209 7
19247787 7
19276906 6
20620473 4
21306469 6
22617912 3
23202848 7
23930720 4
25096138 6
25889677 6
26298010 6
27747039 6
28401610 5
28631177 5
28932910 5
30311458 3
30459263 7
30613038 8
33448105 2
36553603 6
37189881 2
38555711 6
39192227 2
41259526 8
41375740 6
42598825 7
44794341 4
45145995 3
47743315 7
48383611 11
48676314 7
49199633 4
50008742 5
51594577 1
52244752 7
52666154 4
52835736 4
53751810 7
55646468 10
56669118 7
58006617 7
58445498 8
58572296 9
58957110 3
59247326 2
61658795 2
62024048 2
62354753 4
62750650 5
64017803 6
64802264 3
65576938 7
65604316 6
65613609 3
66308346 8
67372248 3
69405128 5
70091111 7
70757323 6
73668232 3
74209648 7
75034450 2
75566142 4
76218682 7
76584517 5
76855249 5
77123673 6
77464759 3
78634509 10
79289361 7
79450773 4
79962785 4
81600537 2
85238934 3
86061910 8
86331186 7
88511232 3
89395304 6
89396593 4
92557435 8
94839300 3
96815304 4
97818197 5
99166570 6
101625775 3
102670648 6
102757396 6
102973541 4
104833569 5
108245550 8
108337161 4
109424411 7
113079732 6
114378081 6
114974797 3
117888035 6
117956842 7
118407857 5
118624779 4
119025948 5
119198532 1
119418087 6
120466201 6
122417153 9
123236363 7
124008052 8
124393006 7
124857495 5
126208715 3
126708778 3
126789663 4
126966486 8
127780925 3
129825529 5
132491628 6
133670577 9
133986223 9
133994396 5
134489688 5
135766418 3
136932117 4
139370809 4
140587228 5
141801827 6
142167304 2
146798217 5
147661464 14
148703639 6
149692876 2
150092470 9
150752450 3
153853416 4
156992021 5
157715749 9
158620668 7
158976365 2
159103218 2
159265688 6
160541231 3
160647366 9
161449129 6
162255147 3
164041253 3
165327924 4
167087190 5
169649326 8
172099487 2
172195766 5
172726504 3
173772323 5
174773350 7
175649311 1
177588507 4
179406344 4
180238476 2
180508323 7
181311372 7
181393335 5
185490427 4
186647678 4
188307482 6
189078587 3
191170951 8
196120107 4
196316132 4
196660769 6
200870158 2
200871318 5
202569985 4
204335543 5
204466773 6
207235367 6
207389427 4
209061781 5
210285084 2
210893462 5
212104981 11
214201628 7
215241879 6
216985973 6
218063752 2
219216204 6
222471222 2
223268447 7
225422936 1
229150842 3
234466343 7
237453668 4
237667303 8
238269424 4
238738771 7
239370324 7
239438439 6
239592739 3
240004567 1
240452421 3
241092535 7
243489502 4
244499109 7
244903897 5
245240189 3
245255936 5
245320174 10
245337912 5
245371867 4
246732955 5
247099124 3
248239330 6
249823471 5
250028205 6
255853733 4
259544594 9
261046281 10
261068349 8
262680988 2
264979465 4
265877030 6
266001420 3
267019728 2
267476275 6
268230502 6
270400276 7
272101630 7
273082099 6
274656587 4
274901635 3
275686735 7
276635428 2
277303190 6
277748551 9
278184425 4
279953479 6
281487303 5
282111171 5
283251007 3
284245603 9
284653508 3
285999477 2
287519436 4
289953285 6
291114673 7
291147433 4
291538276 10
291819906 3
294178624 8
294797358 4
296199502 8
297471652 5
297997998 5
298584533 5
300476220 5
303010768 2
303328568 6
303416138 6
303908392 4
304082877 5
305020803 6
305164694 3
306918885 4
307748073 5
309098472 8
309658824 8
310283147 6
310493947 3
312391355 6
316110366 3
320410853 10
321362055 5
322002680 6
324466431 5
325356514 10
325846597 6
327876843 5
327957574 5
330869500 6
333159194 5
335103335 4
335961396 11
336539985 10
336962224 9
337095777 5
337288626 4
340295656 4
341946255 3
342354144 6
343270183 8
343890464 4
346964992 4
349302349 5
350106052 6
350395218 2
350695295 2
350843774 2
351433179 8
355331395 5
355761421 3
356745899 8
358071190 8
359894269 6
360586722 1
361129191 3
361836935 3
361879511 5
362011379 5
363078105 6
364084581 4
364273526 3
366148449 8
367105837 5
369007089 2
371337770 9
371854728 3
372680735 7
373280756 7
374778384 6
375124510 1
376201301 3
379324010 8
380572820 1
382023719 7
382358688 3
383558149 2
383621649 6
383727181 7
384701758 1
385049685 8
387214091 3
387644782 7
387981675 13
388253420 4
388468299 10
388505679 7
388930045 7
389463565 6
389526792 5
390124370 5
390139448 10
390141930 1
391132837 7
391447898 6
391595812 2
392838742 8
393589345 7
395040493 4
397236184 6
398618172 2
399608713 11
400377017 1
401777252 3
402248871 6
402301308 5
402353658 5
403249003 5
405323989 6
405455625 4
407098352 7
407266617 4
407352177 2
408433998 5
408990072 8
409217456 2
411963326 5
413862066 5
416223144 10
416704684 3
416909701 4
417270304 5
418836301 6
418844376 7
419995984 4
420354364 6
420556070 7
421638643 4
422421109 3
422954696 8
423334925 3
426100509 3
426558415 9
427332169 12
428336484 4
428537342 2
430903622 7
431654329 3
433064320 5
433465265 2
433894006 6
434745103 4
434933297 2
439268846 6
439736548 9
440441766 3
440911413 2
442141292 3
443465105 4
443700611 7
444169150 7
447417691 3
448547038 4
448563537 5
448580846 4
449259961 10
449273087 5
449392217 5
450520561 5
454314735 6
455687959 2
456032742 6
456555055 3
457185975 4
457392117 5
459085032 1
459363641 4
459851017 2
460489686 4
461801894 1
462049783 2
464956764 8
465325709 4
466751855 5
466887618 7
467130388 8
467564975 4
467613585 2
468095442 3
468145289 4
468870751 3
468952978 7
470354138 3
471980374 3
472766848 6
473024540 3
475096748 6
475830913 6
477193211 10
481673326 7
481879654 5
482165917 5
482601320 3
483527009 4
483781906 2
485292174 2
485776056 7
486494649 5
486565906 2
487430539 3
487623268 3
488022399 4
488087327 4
490291851 3
491894617 6
492938448 5
493084046 4
494136435 7
495700296 5
497159860 9
497276833 2
500632794 4
503719000 3
504017684 4
504158511 9
504898605 7
506109670 6
506343416 4
507499814 9
508637396 9
508732409 8
509109994 4
510006873 6
510203042 5
510914136 5
511309262 8
511762605 5
511832280 7
512523998 11
514931854 4
515007979 3
517125453 6
517127938 5
517162305 4
517405889 7
517855389 5
521172458 7
523443179 4
523631080 5
523801697 7
524964411 3
525557163 9
527332362 3
527552376 3
528766541 6
530143585 5
531466407 4
532575428 4
532723399 4
535212701 7
535909722 6
536295619 4
536465688 3
537035478 3
537905766 3
537912151 6
541409279 3
541855796 1
542167110 4
543347899 3
545152858 4
548920836 4
549024691 5
550725366 4
550936774 6
551457889 4
552157000 8
553212429 3
555047861 8
555498296 7
556116130 8
557465165 7
559675399 4
559827300 9
560589415 4
561879030 5
563259682 5
563661127 7
564555651 6
565747289 4
565788348 6
565945745 6
567492005 6
568841003 6
571640147 9
575518931 6
579282235 5
579653721 1
580068345 4
580570852 7
580601565 5
580959420 4
583776553 6
584460547 7
585726649 6
586262420 9
586424765 3
586691809 6
587025434 5
587631783 3
588126819 3
589211721 6
590133691 4
590805567 4
592433446 4
593575394 4
594888205 6
595369477 2
596155869 2
597277030 2
600097318 4
600827425 12
601529235 2
604186041 1
606987207 2
608449543 6
610333265 6
613454399 7
614091091 4
614185200 3
615017929 6
618334175 2
618541923 3
618991532 6
619678703 5
619996802 5
621528737 2
621552229 5
623178443 1
624762668 8
625778162 5
626110121 6
626987316 3
627117991 5
627777365 7
628130781 7
628527317 5
628696649 4
628708219 5
629152126 6
629662290 6
629956974 4
631617396 6
631974030 6
632268507 4
633204556 4
635161482 2
639224220 4
639788702 2
640547797 2
642921543 4
643497607 3
643499234 6
644533842 2
645248693 7
645743265 6
646345827 5
647083411 8
648978470 5
655539920 2
656237406 2
658564802 4
659037426 5
659126025 6
660316299 4
661209356 3
664434537 5
666741184 5
667364671 2
668106981 4
668678868 6
670429917 6
672609398 5
673334537 1
673639096 8
674644556 1
677360522 5
678178364 5
679661147 5
680202412 9
680818143 3
680988300 3
681390249 10
681953094 3
682913252 4
684268892 1
684814815 5
685761812 1
687091581 5
687985017 4
689012947 4
690169746 8
690888686 5
691266677 4
693587123 3
694207281 4
694246514 4
697567244 8
699447100 4
701420622 5
701639408 4
705170268 4
705686369 6
705875118 3
706839571 5
706995016 7
708418885 2
709819349 4
710615237 7
711006451 3
711534816 2
711922895 2
711927780 5
712552368 5
712603610 2
712877311 7
713013102 7
713021805 10
714950762 6
715756387 6
717070702 5
717789054 5
719727231 4
720142342 7
721490256 6
722126170 6
722885107 7
723752618 4
724810233 5
726365873 2
727072417 7
728073137 7
729943023 5
730707177 9
732140942 3
732699111 7
734372782 8
735378797 5
735460667 5
735496409 4
736552256 7
737559556 5
740991335 3
741782278 4
742445350 2
742920904 8
743074547 3
743710106 7
745790697 3
747054830 3
747376000 2
747526260 6
747824514 4
751906771 7
752072111 3
752298768 4
756750170 4
757612361 3
757696994 7
760415442 4
761296616 4
761942448 2
763434422 7
764525647 11
764929186 4
766058506 6
766184146 6
766679297 8
767659056 7
768287130 6
768802231 6
768988158 4
769049643 7
769305307 4
771542459 4
772174207 1
772431854 10
775058241 5
775785667 4
777325807 6
778103013 5
779420648 2
779470127 1
779840825 6
780755123 3
782744996 8
783384448 4
783507037 3
784097323 3
785652913 6
785740769 8
785819277 5
791015010 5
791450246 10
791994807 5
792686665 7
792817435 5
794372954 3
794600626 5
795033856 4
796524038 4
797245772 4
797359690 4
799719391 6
800018526 5
801381199 5
802399518 5
804070834 3
805815877 6
805855587 6
806318464 3
807916879 4
808430778 10
809172866 6
809571688 5
810190791 4
812097705 8
814664015 5
815036430 7
816138135 5
818329298 9
818664100 6
818924144 4
820246850 5
820784623 3
821784727 5
825103720 4
825702400 12
826182746 5
827754774 4
829690815 1
830316928 3
831762311 7
834602229 5
834798903 3
835474168 5
835851994 6
837097960 3
837946592 4
838899984 7
839113521 6
839314355 2
841135862 2
842303233 1
843268925 7
844340832 8
845342646 7
845551146 4
847045280 3
847126017 6
847885430 6
848511977 6
849150088 3
851223451 2
851870982 2
852743093 5
854117992 7
854392657 5
855444116 8
856045237 6
856353662 6
856385768 3
860746148 6
862352846 6
863784700 4
866226333 6
870364685 3
870407578 10
872148084 4
873596376 3
874097179 2
877012400 5
877037025 9
878273745 8
880020461 4
880084304 4
881307969 5
886150361 3
886996787 7
887916938 2
890649003 6
892235681 7
893235980 4
893941127 3
896523334 4
896560915 10
898868690 6
899830201 4
899937930 6
900679847 11
901000892 6
901007655 2
901108845 10
903257553 5
905771332 5
907999302 4
909265065 6
909627328 8
910536584 4
911844950 4
913191603 7
913349047 4
916121479 8
916188943 3
917842611 5
918969607 4
921676804 13
921734943 3
922221846 5
923848132 6
924552487 6
925300514 7
927615354 2
928346348 10
929120032 5
932420817 1
932632351 9
935293164 5
936473952 4
937375980 4
938311727 4
939405273 3
939988209 9
940851412 5
941071686 6
941198869 2
941872224 4
942394661 4
942635276 7
945818582 11
946209179 7
946900394 5
947062974 4
949384200 4
949584507 2
949733348 2
951741801 3
953881308 2
954919192 4
955511970 7
957609323 7
958188655 3
958514259 7
960454493 5
962084541 2
962166044 4
963489704 6
972167458 4
972469219 6
972601189 6
973183746 3
974228096 7
975494067 7
975730971 4
978114753 6
978123738 7
980286406 3
983399591 4
983446618 3
984232749 2
985196599 7
985214440 4
987548034 8
987658297 5
989092801 8
990125673 5
991136140 3
991559766 2
993797709 7
995125930 6
998032983 5
998753784 5
999446556 2
999567403 1
1000225207 4
1005216093 6
1005882591 7
1006499999 8
1007892687 7
1007903290 6
1008136288 3
1008312355 5
1008674836 1
1009834838 4
1011266910 4
1012395262 6
1012639847 8
1013141281 5
1013205951 3
1013609624 4
1014179067 7
1015896049 7
1016827464 9
1017356480 11
1018314164 5
1018709010 6
1020197456 2
1021614562 4
1021844237 5
1022162927 3
1022896292 10
1025137580 2
1025684785 8
1025699955 4
1030097716 3
1031076518 4
1031138139 4
1031464754 5
1031673238 9
1032249246 13
1032355672 2
1033056209 4
1034654939 3
1034874794 4
1037051003 6
1038055757 4
1038148918 6
1038467533 2
1038993432 3
1040094629 4
1040287107 3
1040582192 4
1040613431 11
1041004487 2
1042387214 8
1043068514 6
1043260652 7
1046728321 3
1048085406 7
1050957484 7
1053764761 2
1054888650 6
1054889811 3
1055373218 7
1055681240 4
1056082218 5
1057688987 4
1057742176 8
1058306186 5
1059871245 5
1062075916 3
1063052619 2
1063938672 3
1066558460 7
1066869463 2
1068499094 6
1073467748 7

 operate time: 1585.00ms 
